#
# There is insufficient memory for the Java Runtime Environment to continue.
# Native memory allocation (mmap) failed to map 266338304 bytes for G1 virtual space
# Possible reasons:
#   The system is out of physical RAM or swap space
#   The process is running with CompressedOops enabled, and the Java Heap may be blocking the growth of the native heap
# Possible solutions:
#   Reduce memory load on the system
#   Increase physical memory or swap space
#   Check if swap backing store is full
#   Decrease Java heap size (-Xmx/-Xms)
#   Decrease number of Java threads
#   Decrease Java thread stack sizes (-Xss)
#   Set larger code cache with -XX:ReservedCodeCacheSize=
#   JVM is running with Zero Based Compressed Oops mode in which the Java heap is
#     placed in the first 32GB address space. The Java Heap base address is the
#     maximum limit for the native heap growth. Please use -XX:HeapBaseMinAddress
#     to set the Java Heap base and to place the Java Heap above 32GB virtual address.
# This output file may be truncated or incomplete.
#
#  Out of Memory Error (os_windows.cpp:3600), pid=20356, tid=8392
#
# JRE version:  (21.0+35) (build )
# Java VM: Java HotSpot(TM) 64-Bit Server VM (21+35-LTS-2513, mixed mode, sharing, tiered, compressed oops, compressed class ptrs, g1 gc, windows-amd64)
# No core dump will be written. Minidumps are not enabled by default on client versions of Windows
#

---------------  S U M M A R Y ------------

Command Line: -Dmaven.multiModuleProjectDirectory=C:\Users\User\Desktop\ChallengeC\kafka-docker\notification-service -Djansi.passthrough=true -Dmaven.home=C:\Users\User\.m2\wrapper\dists\apache-maven-3.9.12-bin\5nmfsn99br87k5d4ajlekdq10k\apache-maven-3.9.12 -Dclassworlds.conf=C:\Users\User\.m2\wrapper\dists\apache-maven-3.9.12-bin\5nmfsn99br87k5d4ajlekdq10k\apache-maven-3.9.12\bin\m2.conf -Dmaven.ext.class.path=C:\Users\User\AppData\Local\JetBrains\IntelliJ IDEA Community Edition 2025.1\plugins\maven\lib\maven-event-listener.jar -javaagent:C:\Users\User\AppData\Local\JetBrains\IntelliJ IDEA Community Edition 2025.1\lib\idea_rt.jar=60445 -Dfile.encoding=UTF-8 -Dsun.stdout.encoding=UTF-8 -Dsun.stderr.encoding=UTF-8 org.codehaus.classworlds.Launcher -Didea.version=2025.1 clean install

Host: Intel(R) Core(TM) i7-8550U CPU @ 1.80GHz, 8 cores, 15G,  Windows 11 , 64 bit Build 26100 (10.0.26100.7309)
Time: Tue Jan 13 13:12:49 2026 India Standard Time elapsed time: 0.028048 seconds (0d 0h 0m 0s)

---------------  T H R E A D  ---------------

Current thread (0x0000024d1a6dacf0):  JavaThread "Unknown thread" [_thread_in_vm, id=8392, stack(0x0000008d45a00000,0x0000008d45b00000) (1024K)]

Stack: [0x0000008d45a00000,0x0000008d45b00000]
Native frames: (J=compiled Java code, j=interpreted, Vv=VM code, C=native code)
V  [jvm.dll+0x6c8d39]
V  [jvm.dll+0x854091]
V  [jvm.dll+0x85630e]
V  [jvm.dll+0x8569e3]
V  [jvm.dll+0x2809a6]
V  [jvm.dll+0x6c5425]
V  [jvm.dll+0x6b9e1a]
V  [jvm.dll+0x3555ba]
V  [jvm.dll+0x35d206]
V  [jvm.dll+0x3adf6e]
V  [jvm.dll+0x3ae218]
V  [jvm.dll+0x328fcc]
V  [jvm.dll+0x329b5b]
V  [jvm.dll+0x81c699]
V  [jvm.dll+0x3bb2a1]
V  [jvm.dll+0x805688]
V  [jvm.dll+0x44ed9e]
V  [jvm.dll+0x4506a1]
C  [jli.dll+0x52a3]
C  [ucrtbase.dll+0x37b0]
C  [KERNEL32.DLL+0x2e8d7]
C  [ntdll.dll+0x8c53c]


---------------  P R O C E S S  ---------------

Threads class SMR info:
_java_thread_list=0x00007ff8d47a7b48, length=0, elements={
}

Java Threads: ( => current thread )
Total: 0

Other Threads:
  0x0000024d1a741ee0 WorkerThread "GC Thread#0"                     [id=3996, stack(0x0000008d45b00000,0x0000008d45c00000) (1024K)]
  0x0000024d1a752e70 ConcurrentGCThread "G1 Main Marker"            [id=5436, stack(0x0000008d45c00000,0x0000008d45d00000) (1024K)]
  0x0000024d1a7552a0 WorkerThread "G1 Conc#0"                       [id=11252, stack(0x0000008d45d00000,0x0000008d45e00000) (1024K)]

[error occurred during error reporting (printing all threads), id 0xc0000005, EXCEPTION_ACCESS_VIOLATION (0xc0000005) at pc=0x00007ff8d3f1c097]
VM state: not at safepoint (not fully initialized)

VM Mutex/Monitor currently owned by a thread:  ([mutex/lock_event])
[0x00007ff8d4818648] Heap_lock - owner thread: 0x0000024d1a6dacf0

Heap address: 0x0000000702600000, size: 4058 MB, Compressed Oops mode: Zero based, Oop shift amount: 3

CDS archive(s) mapped at: [0x0000000000000000-0x0000000000000000-0x0000000000000000), size 0, SharedBaseAddress: 0x0000000800000000, ArchiveRelocationMode: 1.
Narrow klass base: 0x0000000000000000, Narrow klass shift: 0, Narrow klass range: 0x0

GC Precious Log:
 CardTable entry size: 512
 Card Set container configuration: InlinePtr #cards 4 size 8 Array Of Cards #cards 16 size 48 Howl #buckets 8 coarsen threshold 3686 Howl Bitmap #cards 512 size 80 coarsen threshold 460 Card regions per heap region 1 cards per card region 4096

Heap:
 garbage-first heap   total 0K, used 0K [0x0000000702600000, 0x0000000800000000)
  region size 2048K, 0 young (0K), 0 survivors (0K)

[error occurred during error reporting (printing heap information), id 0xc0000005, EXCEPTION_ACCESS_VIOLATION (0xc0000005) at pc=0x00007ff8d4301939]
GC Heap History (0 events):
No events

Dll operation events (1 events):
Event: 0.017 Loaded shared library C:\Program Files\Java\jdk-21\bin\java.dll

Deoptimization events (0 events):
No events

Classes loaded (0 events):
No events

Classes unloaded (0 events):
No events

Classes redefined (0 events):
No events

Internal exceptions (0 events):
No events

ZGC Phase Switch (0 events):
No events

VM Operations (0 events):
No events

Events (0 events):
No events


Dynamic libraries:
0x00007ff7d3af0000 - 0x00007ff7d3b00000 	C:\Program Files\Java\jdk-21\bin\java.exe
0x00007ff914220000 - 0x00007ff914487000 	C:\WINDOWS\SYSTEM32\ntdll.dll
0x00007ff913a20000 - 0x00007ff913ae9000 	C:\WINDOWS\System32\KERNEL32.DLL
0x00007ff911a60000 - 0x00007ff911e4f000 	C:\WINDOWS\System32\KERNELBASE.dll
0x00007ff911370000 - 0x00007ff9114bb000 	C:\WINDOWS\System32\ucrtbase.dll
0x00007ff907f00000 - 0x00007ff907f1b000 	C:\Program Files\Java\jdk-21\bin\VCRUNTIME140.dll
0x00007ff908880000 - 0x00007ff908899000 	C:\Program Files\Java\jdk-21\bin\jli.dll
0x00007ff913510000 - 0x00007ff9135c4000 	C:\WINDOWS\System32\ADVAPI32.dll
0x00007ff912940000 - 0x00007ff9129e9000 	C:\WINDOWS\System32\msvcrt.dll
0x00007ff913ee0000 - 0x00007ff913f86000 	C:\WINDOWS\System32\sechost.dll
0x00007ff913140000 - 0x00007ff913258000 	C:\WINDOWS\System32\RPCRT4.dll
0x00007ff913fb0000 - 0x00007ff914175000 	C:\WINDOWS\System32\USER32.dll
0x00007ff911e60000 - 0x00007ff911e87000 	C:\WINDOWS\System32\win32u.dll
0x00007ff8f44f0000 - 0x00007ff8f4783000 	C:\WINDOWS\WinSxS\amd64_microsoft.windows.common-controls_6595b64144ccf1df_6.0.26100.7309_none_3e05feeae336a044\COMCTL32.dll
0x00007ff9132f0000 - 0x00007ff91331b000 	C:\WINDOWS\System32\GDI32.dll
0x00007ff911e90000 - 0x00007ff911fbc000 	C:\WINDOWS\System32\gdi32full.dll
0x00007ff9114c0000 - 0x00007ff911563000 	C:\WINDOWS\System32\msvcp_win.dll
0x00007ff906a90000 - 0x00007ff906a9b000 	C:\WINDOWS\SYSTEM32\VERSION.dll
0x00007ff9129f0000 - 0x00007ff912a21000 	C:\WINDOWS\System32\IMM32.DLL
0x00007ff908870000 - 0x00007ff90887c000 	C:\Program Files\Java\jdk-21\bin\vcruntime140_1.dll
0x00007ff8e1ec0000 - 0x00007ff8e1f4e000 	C:\Program Files\Java\jdk-21\bin\msvcp140.dll
0x00007ff8d3be0000 - 0x00007ff8d48f3000 	C:\Program Files\Java\jdk-21\bin\server\jvm.dll
0x00007ff912a30000 - 0x00007ff912aa4000 	C:\WINDOWS\System32\WS2_32.dll
0x00007ff9111f0000 - 0x00007ff91124e000 	C:\WINDOWS\SYSTEM32\POWRPROF.dll
0x00007ff8fa2b0000 - 0x00007ff8fa2e5000 	C:\WINDOWS\SYSTEM32\WINMM.dll
0x00007ff9111d0000 - 0x00007ff9111e4000 	C:\WINDOWS\SYSTEM32\UMPDC.dll
0x00007ff9100e0000 - 0x00007ff9100fb000 	C:\WINDOWS\SYSTEM32\kernel.appcore.dll
0x00007ff907ef0000 - 0x00007ff907efa000 	C:\Program Files\Java\jdk-21\bin\jimage.dll
0x00007ff90ec20000 - 0x00007ff90ee62000 	C:\WINDOWS\SYSTEM32\DBGHELP.DLL
0x00007ff913690000 - 0x00007ff913a15000 	C:\WINDOWS\System32\combase.dll
0x00007ff913af0000 - 0x00007ff913bc6000 	C:\WINDOWS\System32\OLEAUT32.dll
0x00007ff8f2e60000 - 0x00007ff8f2e9c000 	C:\WINDOWS\SYSTEM32\dbgcore.DLL
0x00007ff911570000 - 0x00007ff911615000 	C:\WINDOWS\System32\bcryptPrimitives.dll
0x00007ff9055b0000 - 0x00007ff9055bf000 	C:\Program Files\Java\jdk-21\bin\instrument.dll
0x00007ff8fad40000 - 0x00007ff8fad5f000 	C:\Program Files\Java\jdk-21\bin\java.dll

dbghelp: loaded successfully - version: 4.0.5 - missing functions: none
symbol engine: initialized successfully - sym options: 0x614 - pdb path: .;C:\Program Files\Java\jdk-21\bin;C:\WINDOWS\SYSTEM32;C:\WINDOWS\WinSxS\amd64_microsoft.windows.common-controls_6595b64144ccf1df_6.0.26100.7309_none_3e05feeae336a044;C:\Program Files\Java\jdk-21\bin\server

VM Arguments:
jvm_args: -Dmaven.multiModuleProjectDirectory=C:\Users\User\Desktop\ChallengeC\kafka-docker\notification-service -Djansi.passthrough=true -Dmaven.home=C:\Users\User\.m2\wrapper\dists\apache-maven-3.9.12-bin\5nmfsn99br87k5d4ajlekdq10k\apache-maven-3.9.12 -Dclassworlds.conf=C:\Users\User\.m2\wrapper\dists\apache-maven-3.9.12-bin\5nmfsn99br87k5d4ajlekdq10k\apache-maven-3.9.12\bin\m2.conf -Dmaven.ext.class.path=C:\Users\User\AppData\Local\JetBrains\IntelliJ IDEA Community Edition 2025.1\plugins\maven\lib\maven-event-listener.jar -javaagent:C:\Users\User\AppData\Local\JetBrains\IntelliJ IDEA Community Edition 2025.1\lib\idea_rt.jar=60445 -Dfile.encoding=UTF-8 -Dsun.stdout.encoding=UTF-8 -Dsun.stderr.encoding=UTF-8 
java_command: org.codehaus.classworlds.Launcher -Didea.version=2025.1 clean install
java_class_path (initial): C:\Users\User\.m2\wrapper\dists\apache-maven-3.9.12-bin\5nmfsn99br87k5d4ajlekdq10k\apache-maven-3.9.12\boot\plexus-classworlds-2.9.0.jar;C:\Users\User\.m2\wrapper\dists\apache-maven-3.9.12-bin\5nmfsn99br87k5d4ajlekdq10k\apache-maven-3.9.12\boot\plexus-classworlds.license
Launcher Type: SUN_STANDARD

[Global flags]
     intx CICompilerCount                          = 4                                         {product} {ergonomic}
     uint ConcGCThreads                            = 2                                         {product} {ergonomic}
     uint G1ConcRefinementThreads                  = 8                                         {product} {ergonomic}
   size_t G1HeapRegionSize                         = 2097152                                   {product} {ergonomic}
    uintx GCDrainStackTargetSize                   = 64                                        {product} {ergonomic}
   size_t InitialHeapSize                          = 266338304                                 {product} {ergonomic}
   size_t MarkStackSize                            = 4194304                                   {product} {ergonomic}
   size_t MaxHeapSize                              = 4255121408                                {product} {ergonomic}
   size_t MinHeapDeltaBytes                        = 2097152                                   {product} {ergonomic}
   size_t MinHeapSize                              = 8388608                                   {product} {ergonomic}
    uintx NonNMethodCodeHeapSize                   = 5839372                                {pd product} {ergonomic}
    uintx NonProfiledCodeHeapSize                  = 122909434                              {pd product} {ergonomic}
    uintx ProfiledCodeHeapSize                     = 122909434                              {pd product} {ergonomic}
    uintx ReservedCodeCacheSize                    = 251658240                              {pd product} {ergonomic}
     bool SegmentedCodeCache                       = true                                      {product} {ergonomic}
   size_t SoftMaxHeapSize                          = 4255121408                             {manageable} {ergonomic}
     bool UseCompressedOops                        = true                           {product lp64_product} {ergonomic}
     bool UseG1GC                                  = true                                      {product} {ergonomic}
     bool UseLargePagesIndividualAllocation        = false                                  {pd product} {ergonomic}

Logging:
Log output configuration:
 #0: stdout all=warning uptime,level,tags foldmultilines=false
 #1: stderr all=off uptime,level,tags foldmultilines=false

Environment Variables:
JAVA_HOME=C:\Program Files\Java\jdk-17.0.12
CLASSPATH=.;
PATH=C:\Program Files\Java\jdk-17.0.12\bin;C:\Program Files\Apache Maven\maven -3.9.0\apache-maven-3.9.9\bin;C:\Program Files\Git\bin;C:\Program Files\Common Files\Oracle\Java\javapath;C:\Program Files (x86)\Common Files\Oracle\Java\java8path;C:\Program Files (x86)\Common Files\Oracle\Java\javapath;C:\WINDOWS\system32;C:\WINDOWS;C:\WINDOWS\System32\Wbem;C:\WINDOWS\System32\WindowsPowerShell\v1.0\;C:\WINDOWS\System32\OpenSSH\;C:\Program Files\PostgreSQL\16\bin;C:\Program Files\MySQL\MySQL Server 8.0\bin;C:\path\to\jdk\lib; C:\Program Files\nodejs; C:\Program Files\Mongosh\mongosh-2.5.8-win32-x64\bin;C:\Program Files\Docker\Docker\resources\bin;C:\Program Files\Java\jdk-17.0.12\bin;C:\oraclexe\app\oracle\product\10.2.0\server\bin;C:\Program Files\Common Files\Oracle\Java\javapath;C:\Program Files (x86)\Common Files\Oracle\Java\java8path;C:\Program Files (x86)\Common Files\Oracle\Java\javapath;C:\WINDOWS\system32;C:\WINDOWS;C:\WINDOWS\System32\Wbem;C:\WINDOWS\System32\WindowsPowerShell\v1.0\;C:\WINDOWS\System32\OpenSSH\;C:\Program Files (x86)\MySQL\MySQL Server 5.1\bin;C:\Program Files\MySql9\mysql-9.0.1-winx64\bin;C:\Program Files\Java\jdk1.8.0_131\bin;C:\Users\User\AppData\Local\Microsoft\WindowsApps;C:\Users\User\AppData\Local\Programs\Microsoft VS Code\bin;C:\path\to\jdk\bin;C:\Program Files\PostgreSQL\16\bin;C:\Program Files\JetBrains\IntelliJ IDEA 2024.2\bin;C:\Program Files\JetBrains\IntelliJ IDEA Community Edition 2024.2.1\bin;C:\Users\User\AppData\Local\Microsoft\WindowsApps;D:\PROGRAM_FILES\SonarQube\sonarqube-24.12.0.100206\bin\windows-x86-64;C:\Program Files\;C:\Program Files\Apache Maven\maven -3.9.0\apache-maven-3.9.9\bin;C:\Program Files\nodejs;C:\Users\User\AppData\Local\JetBrains\IntelliJ IDEA Community Edition 2025.1\bin;;C:\Program Files\Mongosh\mongosh-2.5.8-win32-x64\bin;C:\Users\User\AppData\Local\Python\bin
USERNAME=User
OS=Windows_NT
PROCESSOR_IDENTIFIER=Intel64 Family 6 Model 142 Stepping 10, GenuineIntel
TMP=C:\Users\User\AppData\Local\Temp
TEMP=C:\Users\User\AppData\Local\Temp




---------------  S Y S T E M  ---------------

OS:
 Windows 11 , 64 bit Build 26100 (10.0.26100.7309)
OS uptime: 0 days 0:22 hours
Hyper-V role detected

CPU: total 8 (initial active 8) (4 cores per cpu, 2 threads per core) family 6 model 142 stepping 10 microcode 0xf6, cx8, cmov, fxsr, ht, mmx, 3dnowpref, sse, sse2, sse3, ssse3, sse4.1, sse4.2, popcnt, lzcnt, tsc, tscinvbit, avx, avx2, aes, erms, clmul, bmi1, bmi2, adx, fma, vzeroupper, clflush, clflushopt, hv, rdtscp, f16c
Processor Information for processor 0
  Max Mhz: 1992, Current Mhz: 1792, Mhz Limit: 1792
Processor Information for processor 1
  Max Mhz: 1992, Current Mhz: 1494, Mhz Limit: 1792
Processor Information for processor 2
  Max Mhz: 1992, Current Mhz: 1792, Mhz Limit: 1792
Processor Information for processor 3
  Max Mhz: 1992, Current Mhz: 1494, Mhz Limit: 1792
Processor Information for processor 4
  Max Mhz: 1992, Current Mhz: 1792, Mhz Limit: 1792
Processor Information for processor 5
  Max Mhz: 1992, Current Mhz: 1494, Mhz Limit: 1792
Processor Information for processor 6
  Max Mhz: 1992, Current Mhz: 1792, Mhz Limit: 1792
Processor Information for processor 7
  Max Mhz: 1992, Current Mhz: 1494, Mhz Limit: 1792

Memory: 4k page, system-wide physical 16227M (2440M free)
TotalPageFile size 19023M (AvailPageFile size 63M)
current process WorkingSet (physical memory assigned to process): 12M, peak: 12M
current process commit charge ("private bytes"): 60M, peak: 314M

vm_info: Java HotSpot(TM) 64-Bit Server VM (21+35-LTS-2513) for windows-amd64 JRE (21+35-LTS-2513), built on 2023-08-09T20:25:10Z by "mach5one" with MS VC++ 17.1 (VS2022)

END.
