#
# There is insufficient memory for the Java Runtime Environment to continue.
# Native memory allocation (malloc) failed to allocate 866640 bytes for Chunk::new
# Possible reasons:
#   The system is out of physical RAM or swap space
#   The process is running with CompressedOops enabled, and the Java Heap may be blocking the growth of the native heap
# Possible solutions:
#   Reduce memory load on the system
#   Increase physical memory or swap space
#   Check if swap backing store is full
#   Decrease Java heap size (-Xmx/-Xms)
#   Decrease number of Java threads
#   Decrease Java thread stack sizes (-Xss)
#   Set larger code cache with -XX:ReservedCodeCacheSize=
#   JVM is running with Zero Based Compressed Oops mode in which the Java heap is
#     placed in the first 32GB address space. The Java Heap base address is the
#     maximum limit for the native heap growth. Please use -XX:HeapBaseMinAddress
#     to set the Java Heap base and to place the Java Heap above 32GB virtual address.
# This output file may be truncated or incomplete.
#
#  Out of Memory Error (arena.cpp:166), pid=16140, tid=8292
#
# JRE version: Java(TM) SE Runtime Environment (21.0+35) (build 21+35-LTS-2513)
# Java VM: Java HotSpot(TM) 64-Bit Server VM (21+35-LTS-2513, mixed mode, sharing, tiered, compressed oops, compressed class ptrs, g1 gc, windows-amd64)
# No core dump will be written. Minidumps are not enabled by default on client versions of Windows
#

---------------  S U M M A R Y ------------

Command Line: -Dmaven.multiModuleProjectDirectory=C:\Users\User\Desktop\ChallengeC\kafka-docker\order-service -Djansi.passthrough=true -Dmaven.home=C:\Users\User\.m2\wrapper\dists\apache-maven-3.9.12-bin\5nmfsn99br87k5d4ajlekdq10k\apache-maven-3.9.12 -Dclassworlds.conf=C:\Users\User\.m2\wrapper\dists\apache-maven-3.9.12-bin\5nmfsn99br87k5d4ajlekdq10k\apache-maven-3.9.12\bin\m2.conf -Dmaven.ext.class.path=C:\Users\User\AppData\Local\JetBrains\IntelliJ IDEA Community Edition 2025.1\plugins\maven\lib\maven-event-listener.jar -javaagent:C:\Users\User\AppData\Local\JetBrains\IntelliJ IDEA Community Edition 2025.1\lib\idea_rt.jar=51814 -Dfile.encoding=UTF-8 -Dsun.stdout.encoding=UTF-8 -Dsun.stderr.encoding=UTF-8 org.codehaus.classworlds.Launcher -Didea.version=2025.1 clean install

Host: Intel(R) Core(TM) i7-8550U CPU @ 1.80GHz, 8 cores, 15G,  Windows 11 , 64 bit Build 26100 (10.0.26100.7309)
Time: Tue Jan 13 12:35:04 2026 India Standard Time elapsed time: 7.268738 seconds (0d 0h 0m 7s)

---------------  T H R E A D  ---------------

Current thread (0x0000018c22033550):  JavaThread "C2 CompilerThread1" daemon [_thread_in_native, id=8292, stack(0x0000007e38700000,0x0000007e38800000) (1024K)]


Current CompileTask:
C2:   7268 5097       4       java.lang.invoke.MethodType::makeImpl (109 bytes)

Stack: [0x0000007e38700000,0x0000007e38800000]
Native frames: (J=compiled Java code, j=interpreted, Vv=VM code, C=native code)
V  [jvm.dll+0x6c8d39]
V  [jvm.dll+0x854091]
V  [jvm.dll+0x85630e]
V  [jvm.dll+0x8569e3]
V  [jvm.dll+0x2809a6]
V  [jvm.dll+0xc3e6d]
V  [jvm.dll+0xc4383]
V  [jvm.dll+0x3b551c]
V  [jvm.dll+0x1e1fa9]
V  [jvm.dll+0x249952]
V  [jvm.dll+0x248de1]
V  [jvm.dll+0x1c9b91]
V  [jvm.dll+0x2583e9]
V  [jvm.dll+0x2569ca]
V  [jvm.dll+0x3eef66]
V  [jvm.dll+0x7fd2c8]
V  [jvm.dll+0x6c748d]
C  [ucrtbase.dll+0x37b0]
C  [KERNEL32.DLL+0x2e8d7]
C  [ntdll.dll+0x8c53c]


---------------  P R O C E S S  ---------------

Threads class SMR info:
_java_thread_list=0x0000018c221f82f0, length=15, elements={
0x0000018bba3b6420, 0x0000018bdb76a670, 0x0000018bdb76b1d0, 0x0000018bdb76f240,
0x0000018bdb770130, 0x0000018bdb771fa0, 0x0000018bdb774a10, 0x0000018bdb7757a0,
0x0000018bdb77e250, 0x0000018bdb733d40, 0x0000018bdba52ed0, 0x0000018bdba53540,
0x0000018c22033550, 0x0000018c22249eb0, 0x0000018c225b4220
}

Java Threads: ( => current thread )
  0x0000018bba3b6420 JavaThread "main"                              [_thread_in_Java, id=7100, stack(0x0000007e37300000,0x0000007e37400000) (1024K)]
  0x0000018bdb76a670 JavaThread "Reference Handler"          daemon [_thread_blocked, id=18108, stack(0x0000007e37b00000,0x0000007e37c00000) (1024K)]
  0x0000018bdb76b1d0 JavaThread "Finalizer"                  daemon [_thread_blocked, id=10496, stack(0x0000007e37c00000,0x0000007e37d00000) (1024K)]
  0x0000018bdb76f240 JavaThread "Signal Dispatcher"          daemon [_thread_blocked, id=17872, stack(0x0000007e37d00000,0x0000007e37e00000) (1024K)]
  0x0000018bdb770130 JavaThread "Attach Listener"            daemon [_thread_blocked, id=16512, stack(0x0000007e37e00000,0x0000007e37f00000) (1024K)]
  0x0000018bdb771fa0 JavaThread "Service Thread"             daemon [_thread_blocked, id=16372, stack(0x0000007e37f00000,0x0000007e38000000) (1024K)]
  0x0000018bdb774a10 JavaThread "Monitor Deflation Thread"   daemon [_thread_blocked, id=4736, stack(0x0000007e38000000,0x0000007e38100000) (1024K)]
  0x0000018bdb7757a0 JavaThread "C2 CompilerThread0"         daemon [_thread_in_native, id=15516, stack(0x0000007e38100000,0x0000007e38200000) (1024K)]
  0x0000018bdb77e250 JavaThread "C1 CompilerThread0"         daemon [_thread_blocked, id=7748, stack(0x0000007e38200000,0x0000007e38300000) (1024K)]
  0x0000018bdb733d40 JavaThread "Common-Cleaner"             daemon [_thread_blocked, id=8916, stack(0x0000007e38300000,0x0000007e38400000) (1024K)]
  0x0000018bdba52ed0 JavaThread "Monitor Ctrl-Break"         daemon [_thread_in_native, id=20364, stack(0x0000007e38500000,0x0000007e38600000) (1024K)]
  0x0000018bdba53540 JavaThread "Notification Thread"        daemon [_thread_blocked, id=20632, stack(0x0000007e38600000,0x0000007e38700000) (1024K)]
=>0x0000018c22033550 JavaThread "C2 CompilerThread1"         daemon [_thread_in_native, id=8292, stack(0x0000007e38700000,0x0000007e38800000) (1024K)]
  0x0000018c22249eb0 JavaThread "Thread-1"                   daemon [_thread_blocked, id=13528, stack(0x0000007e38f00000,0x0000007e39000000) (1024K)]
  0x0000018c225b4220 JavaThread "C2 CompilerThread2"         daemon [_thread_in_native, id=5324, stack(0x0000007e39000000,0x0000007e39100000) (1024K)]
Total: 15

Other Threads:
  0x0000018bdb74a210 VMThread "VM Thread"                           [id=8028, stack(0x0000007e37a00000,0x0000007e37b00000) (1024K)]
  0x0000018bdb7333b0 WatcherThread "VM Periodic Task Thread"        [id=10192, stack(0x0000007e37900000,0x0000007e37a00000) (1024K)]
  0x0000018bbc6b3940 WorkerThread "GC Thread#0"                     [id=20804, stack(0x0000007e37400000,0x0000007e37500000) (1024K)]
  0x0000018c217cb500 WorkerThread "GC Thread#1"                     [id=15984, stack(0x0000007e38800000,0x0000007e38900000) (1024K)]
  0x0000018c217cb8a0 WorkerThread "GC Thread#2"                     [id=3812, stack(0x0000007e38900000,0x0000007e38a00000) (1024K)]
  0x0000018c217cbc40 WorkerThread "GC Thread#3"                     [id=17976, stack(0x0000007e38a00000,0x0000007e38b00000) (1024K)]
  0x0000018c217cbfe0 WorkerThread "GC Thread#4"                     [id=4800, stack(0x0000007e38b00000,0x0000007e38c00000) (1024K)]
  0x0000018c217c7ab0 WorkerThread "GC Thread#5"                     [id=11480, stack(0x0000007e38c00000,0x0000007e38d00000) (1024K)]
  0x0000018c214ff350 WorkerThread "GC Thread#6"                     [id=12892, stack(0x0000007e38d00000,0x0000007e38e00000) (1024K)]
  0x0000018c21687a60 WorkerThread "GC Thread#7"                     [id=6108, stack(0x0000007e38e00000,0x0000007e38f00000) (1024K)]
  0x0000018bbc6c5440 ConcurrentGCThread "G1 Main Marker"            [id=20472, stack(0x0000007e37500000,0x0000007e37600000) (1024K)]
  0x0000018bbc6c74a0 WorkerThread "G1 Conc#0"                       [id=5852, stack(0x0000007e37600000,0x0000007e37700000) (1024K)]
  0x0000018bdb5fd0b0 ConcurrentGCThread "G1 Refine#0"               [id=6156, stack(0x0000007e37700000,0x0000007e37800000) (1024K)]
  0x0000018bdb5fd8d0 ConcurrentGCThread "G1 Service"                [id=15824, stack(0x0000007e37800000,0x0000007e37900000) (1024K)]
Total: 14

Threads with active compile tasks:
C2 CompilerThread0     7320 5125       4       org.apache.maven.model.inheritance.DefaultInheritanceAssembler$InheritanceModelMerger::mergePluginContainer_Plugins (433 bytes)
C2 CompilerThread1     7320 5097       4       java.lang.invoke.MethodType::makeImpl (109 bytes)
C2 CompilerThread2     7320 5149       4       java.util.regex.Pattern::compile (537 bytes)
Total: 3

VM state: not at safepoint (normal execution)

VM Mutex/Monitor currently owned by a thread: None

Heap address: 0x0000000702600000, size: 4058 MB, Compressed Oops mode: Zero based, Oop shift amount: 3

CDS archive(s) mapped at: [0x0000018bdc000000-0x0000018bdcc90000-0x0000018bdcc90000), size 13172736, SharedBaseAddress: 0x0000018bdc000000, ArchiveRelocationMode: 1.
Compressed class space mapped at: 0x0000018bdd000000-0x0000018c1d000000, reserved size: 1073741824
Narrow klass base: 0x0000018bdc000000, Narrow klass shift: 0, Narrow klass range: 0x100000000

GC Precious Log:
 CardTable entry size: 512
 Card Set container configuration: InlinePtr #cards 4 size 8 Array Of Cards #cards 16 size 48 Howl #buckets 8 coarsen threshold 3686 Howl Bitmap #cards 512 size 80 coarsen threshold 460 Card regions per heap region 1 cards per card region 4096
 CPUs: 8 total, 8 available
 Memory: 16227M
 Large Page Support: Disabled
 NUMA Support: Disabled
 Compressed Oops: Enabled (Zero based)
 Heap Region Size: 2M
 Heap Min Capacity: 8M
 Heap Initial Capacity: 254M
 Heap Max Capacity: 4058M
 Pre-touch: Disabled
 Parallel Workers: 8
 Concurrent Workers: 2
 Concurrent Refinement Workers: 8
 Periodic GC: Disabled

Heap:
 garbage-first heap   total 260096K, used 46473K [0x0000000702600000, 0x0000000800000000)
  region size 2048K, 22 young (45056K), 7 survivors (14336K)
 Metaspace       used 18369K, committed 18624K, reserved 1114112K
  class space    used 2046K, committed 2176K, reserved 1048576K

Heap Regions: E=young(eden), S=young(survivor), O=old, HS=humongous(starts), HC=humongous(continues), CS=collection set, F=free, TAMS=top-at-mark-start, PB=parsable bottom
|   0|0x0000000702600000, 0x0000000702800000, 0x0000000702800000|100%| O|  |TAMS 0x0000000702600000| PB 0x0000000702600000| Untracked 
|   1|0x0000000702800000, 0x00000007029900f0, 0x0000000702a00000| 78%| O|  |TAMS 0x0000000702800000| PB 0x0000000702800000| Untracked 
|   2|0x0000000702a00000, 0x0000000702a00000, 0x0000000702c00000|  0%| F|  |TAMS 0x0000000702a00000| PB 0x0000000702a00000| Untracked 
|   3|0x0000000702c00000, 0x0000000702c00000, 0x0000000702e00000|  0%| F|  |TAMS 0x0000000702c00000| PB 0x0000000702c00000| Untracked 
|   4|0x0000000702e00000, 0x0000000702e00000, 0x0000000703000000|  0%| F|  |TAMS 0x0000000702e00000| PB 0x0000000702e00000| Untracked 
|   5|0x0000000703000000, 0x0000000703000000, 0x0000000703200000|  0%| F|  |TAMS 0x0000000703000000| PB 0x0000000703000000| Untracked 
|   6|0x0000000703200000, 0x0000000703200000, 0x0000000703400000|  0%| F|  |TAMS 0x0000000703200000| PB 0x0000000703200000| Untracked 
|   7|0x0000000703400000, 0x0000000703400000, 0x0000000703600000|  0%| F|  |TAMS 0x0000000703400000| PB 0x0000000703400000| Untracked 
|   8|0x0000000703600000, 0x0000000703600000, 0x0000000703800000|  0%| F|  |TAMS 0x0000000703600000| PB 0x0000000703600000| Untracked 
|   9|0x0000000703800000, 0x0000000703800000, 0x0000000703a00000|  0%| F|  |TAMS 0x0000000703800000| PB 0x0000000703800000| Untracked 
|  10|0x0000000703a00000, 0x0000000703a00000, 0x0000000703c00000|  0%| F|  |TAMS 0x0000000703a00000| PB 0x0000000703a00000| Untracked 
|  11|0x0000000703c00000, 0x0000000703c00000, 0x0000000703e00000|  0%| F|  |TAMS 0x0000000703c00000| PB 0x0000000703c00000| Untracked 
|  12|0x0000000703e00000, 0x0000000703e00000, 0x0000000704000000|  0%| F|  |TAMS 0x0000000703e00000| PB 0x0000000703e00000| Untracked 
|  13|0x0000000704000000, 0x0000000704000000, 0x0000000704200000|  0%| F|  |TAMS 0x0000000704000000| PB 0x0000000704000000| Untracked 
|  14|0x0000000704200000, 0x0000000704200000, 0x0000000704400000|  0%| F|  |TAMS 0x0000000704200000| PB 0x0000000704200000| Untracked 
|  15|0x0000000704400000, 0x0000000704400000, 0x0000000704600000|  0%| F|  |TAMS 0x0000000704400000| PB 0x0000000704400000| Untracked 
|  16|0x0000000704600000, 0x0000000704600000, 0x0000000704800000|  0%| F|  |TAMS 0x0000000704600000| PB 0x0000000704600000| Untracked 
|  17|0x0000000704800000, 0x0000000704800000, 0x0000000704a00000|  0%| F|  |TAMS 0x0000000704800000| PB 0x0000000704800000| Untracked 
|  18|0x0000000704a00000, 0x0000000704a00000, 0x0000000704c00000|  0%| F|  |TAMS 0x0000000704a00000| PB 0x0000000704a00000| Untracked 
|  19|0x0000000704c00000, 0x0000000704c00000, 0x0000000704e00000|  0%| F|  |TAMS 0x0000000704c00000| PB 0x0000000704c00000| Untracked 
|  20|0x0000000704e00000, 0x0000000704e00000, 0x0000000705000000|  0%| F|  |TAMS 0x0000000704e00000| PB 0x0000000704e00000| Untracked 
|  21|0x0000000705000000, 0x0000000705000000, 0x0000000705200000|  0%| F|  |TAMS 0x0000000705000000| PB 0x0000000705000000| Untracked 
|  22|0x0000000705200000, 0x0000000705200000, 0x0000000705400000|  0%| F|  |TAMS 0x0000000705200000| PB 0x0000000705200000| Untracked 
|  23|0x0000000705400000, 0x0000000705400000, 0x0000000705600000|  0%| F|  |TAMS 0x0000000705400000| PB 0x0000000705400000| Untracked 
|  24|0x0000000705600000, 0x0000000705600000, 0x0000000705800000|  0%| F|  |TAMS 0x0000000705600000| PB 0x0000000705600000| Untracked 
|  25|0x0000000705800000, 0x0000000705800000, 0x0000000705a00000|  0%| F|  |TAMS 0x0000000705800000| PB 0x0000000705800000| Untracked 
|  26|0x0000000705a00000, 0x0000000705a00000, 0x0000000705c00000|  0%| F|  |TAMS 0x0000000705a00000| PB 0x0000000705a00000| Untracked 
|  27|0x0000000705c00000, 0x0000000705c00000, 0x0000000705e00000|  0%| F|  |TAMS 0x0000000705c00000| PB 0x0000000705c00000| Untracked 
|  28|0x0000000705e00000, 0x0000000705e00000, 0x0000000706000000|  0%| F|  |TAMS 0x0000000705e00000| PB 0x0000000705e00000| Untracked 
|  29|0x0000000706000000, 0x0000000706000000, 0x0000000706200000|  0%| F|  |TAMS 0x0000000706000000| PB 0x0000000706000000| Untracked 
|  30|0x0000000706200000, 0x0000000706200000, 0x0000000706400000|  0%| F|  |TAMS 0x0000000706200000| PB 0x0000000706200000| Untracked 
|  31|0x0000000706400000, 0x0000000706400000, 0x0000000706600000|  0%| F|  |TAMS 0x0000000706400000| PB 0x0000000706400000| Untracked 
|  32|0x0000000706600000, 0x0000000706600000, 0x0000000706800000|  0%| F|  |TAMS 0x0000000706600000| PB 0x0000000706600000| Untracked 
|  33|0x0000000706800000, 0x0000000706800000, 0x0000000706a00000|  0%| F|  |TAMS 0x0000000706800000| PB 0x0000000706800000| Untracked 
|  34|0x0000000706a00000, 0x0000000706a00000, 0x0000000706c00000|  0%| F|  |TAMS 0x0000000706a00000| PB 0x0000000706a00000| Untracked 
|  35|0x0000000706c00000, 0x0000000706c00000, 0x0000000706e00000|  0%| F|  |TAMS 0x0000000706c00000| PB 0x0000000706c00000| Untracked 
|  36|0x0000000706e00000, 0x0000000706e00000, 0x0000000707000000|  0%| F|  |TAMS 0x0000000706e00000| PB 0x0000000706e00000| Untracked 
|  37|0x0000000707000000, 0x0000000707000000, 0x0000000707200000|  0%| F|  |TAMS 0x0000000707000000| PB 0x0000000707000000| Untracked 
|  38|0x0000000707200000, 0x0000000707200000, 0x0000000707400000|  0%| F|  |TAMS 0x0000000707200000| PB 0x0000000707200000| Untracked 
|  39|0x0000000707400000, 0x0000000707400000, 0x0000000707600000|  0%| F|  |TAMS 0x0000000707400000| PB 0x0000000707400000| Untracked 
|  40|0x0000000707600000, 0x0000000707600000, 0x0000000707800000|  0%| F|  |TAMS 0x0000000707600000| PB 0x0000000707600000| Untracked 
|  41|0x0000000707800000, 0x0000000707800000, 0x0000000707a00000|  0%| F|  |TAMS 0x0000000707800000| PB 0x0000000707800000| Untracked 
|  42|0x0000000707a00000, 0x0000000707a00000, 0x0000000707c00000|  0%| F|  |TAMS 0x0000000707a00000| PB 0x0000000707a00000| Untracked 
|  43|0x0000000707c00000, 0x0000000707c00000, 0x0000000707e00000|  0%| F|  |TAMS 0x0000000707c00000| PB 0x0000000707c00000| Untracked 
|  44|0x0000000707e00000, 0x0000000707fd2500, 0x0000000708000000| 91%| S|CS|TAMS 0x0000000707e00000| PB 0x0000000707e00000| Complete 
|  45|0x0000000708000000, 0x0000000708200000, 0x0000000708200000|100%| S|CS|TAMS 0x0000000708000000| PB 0x0000000708000000| Complete 
|  46|0x0000000708200000, 0x0000000708400000, 0x0000000708400000|100%| S|CS|TAMS 0x0000000708200000| PB 0x0000000708200000| Complete 
|  47|0x0000000708400000, 0x0000000708600000, 0x0000000708600000|100%| S|CS|TAMS 0x0000000708400000| PB 0x0000000708400000| Complete 
|  48|0x0000000708600000, 0x0000000708800000, 0x0000000708800000|100%| S|CS|TAMS 0x0000000708600000| PB 0x0000000708600000| Complete 
|  49|0x0000000708800000, 0x0000000708a00000, 0x0000000708a00000|100%| S|CS|TAMS 0x0000000708800000| PB 0x0000000708800000| Complete 
|  50|0x0000000708a00000, 0x0000000708c00000, 0x0000000708c00000|100%| S|CS|TAMS 0x0000000708a00000| PB 0x0000000708a00000| Complete 
|  51|0x0000000708c00000, 0x0000000708c00000, 0x0000000708e00000|  0%| F|  |TAMS 0x0000000708c00000| PB 0x0000000708c00000| Untracked 
|  52|0x0000000708e00000, 0x0000000708e00000, 0x0000000709000000|  0%| F|  |TAMS 0x0000000708e00000| PB 0x0000000708e00000| Untracked 
|  53|0x0000000709000000, 0x0000000709000000, 0x0000000709200000|  0%| F|  |TAMS 0x0000000709000000| PB 0x0000000709000000| Untracked 
|  54|0x0000000709200000, 0x0000000709200000, 0x0000000709400000|  0%| F|  |TAMS 0x0000000709200000| PB 0x0000000709200000| Untracked 
|  55|0x0000000709400000, 0x0000000709400000, 0x0000000709600000|  0%| F|  |TAMS 0x0000000709400000| PB 0x0000000709400000| Untracked 
|  56|0x0000000709600000, 0x0000000709600000, 0x0000000709800000|  0%| F|  |TAMS 0x0000000709600000| PB 0x0000000709600000| Untracked 
|  57|0x0000000709800000, 0x0000000709800000, 0x0000000709a00000|  0%| F|  |TAMS 0x0000000709800000| PB 0x0000000709800000| Untracked 
|  58|0x0000000709a00000, 0x0000000709a00000, 0x0000000709c00000|  0%| F|  |TAMS 0x0000000709a00000| PB 0x0000000709a00000| Untracked 
|  59|0x0000000709c00000, 0x0000000709c00000, 0x0000000709e00000|  0%| F|  |TAMS 0x0000000709c00000| PB 0x0000000709c00000| Untracked 
|  60|0x0000000709e00000, 0x0000000709e00000, 0x000000070a000000|  0%| F|  |TAMS 0x0000000709e00000| PB 0x0000000709e00000| Untracked 
|  61|0x000000070a000000, 0x000000070a000000, 0x000000070a200000|  0%| F|  |TAMS 0x000000070a000000| PB 0x000000070a000000| Untracked 
|  62|0x000000070a200000, 0x000000070a200000, 0x000000070a400000|  0%| F|  |TAMS 0x000000070a200000| PB 0x000000070a200000| Untracked 
|  63|0x000000070a400000, 0x000000070a400000, 0x000000070a600000|  0%| F|  |TAMS 0x000000070a400000| PB 0x000000070a400000| Untracked 
|  64|0x000000070a600000, 0x000000070a600000, 0x000000070a800000|  0%| F|  |TAMS 0x000000070a600000| PB 0x000000070a600000| Untracked 
|  65|0x000000070a800000, 0x000000070a800000, 0x000000070aa00000|  0%| F|  |TAMS 0x000000070a800000| PB 0x000000070a800000| Untracked 
|  66|0x000000070aa00000, 0x000000070aa00000, 0x000000070ac00000|  0%| F|  |TAMS 0x000000070aa00000| PB 0x000000070aa00000| Untracked 
|  67|0x000000070ac00000, 0x000000070ac00000, 0x000000070ae00000|  0%| F|  |TAMS 0x000000070ac00000| PB 0x000000070ac00000| Untracked 
|  68|0x000000070ae00000, 0x000000070ae00000, 0x000000070b000000|  0%| F|  |TAMS 0x000000070ae00000| PB 0x000000070ae00000| Untracked 
|  69|0x000000070b000000, 0x000000070b000000, 0x000000070b200000|  0%| F|  |TAMS 0x000000070b000000| PB 0x000000070b000000| Untracked 
|  70|0x000000070b200000, 0x000000070b200000, 0x000000070b400000|  0%| F|  |TAMS 0x000000070b200000| PB 0x000000070b200000| Untracked 
|  71|0x000000070b400000, 0x000000070b400000, 0x000000070b600000|  0%| F|  |TAMS 0x000000070b400000| PB 0x000000070b400000| Untracked 
|  72|0x000000070b600000, 0x000000070b600000, 0x000000070b800000|  0%| F|  |TAMS 0x000000070b600000| PB 0x000000070b600000| Untracked 
|  73|0x000000070b800000, 0x000000070b800000, 0x000000070ba00000|  0%| F|  |TAMS 0x000000070b800000| PB 0x000000070b800000| Untracked 
|  74|0x000000070ba00000, 0x000000070ba00000, 0x000000070bc00000|  0%| F|  |TAMS 0x000000070ba00000| PB 0x000000070ba00000| Untracked 
|  75|0x000000070bc00000, 0x000000070bc00000, 0x000000070be00000|  0%| F|  |TAMS 0x000000070bc00000| PB 0x000000070bc00000| Untracked 
|  76|0x000000070be00000, 0x000000070be00000, 0x000000070c000000|  0%| F|  |TAMS 0x000000070be00000| PB 0x000000070be00000| Untracked 
|  77|0x000000070c000000, 0x000000070c000000, 0x000000070c200000|  0%| F|  |TAMS 0x000000070c000000| PB 0x000000070c000000| Untracked 
|  78|0x000000070c200000, 0x000000070c200000, 0x000000070c400000|  0%| F|  |TAMS 0x000000070c200000| PB 0x000000070c200000| Untracked 
|  79|0x000000070c400000, 0x000000070c400000, 0x000000070c600000|  0%| F|  |TAMS 0x000000070c400000| PB 0x000000070c400000| Untracked 
|  80|0x000000070c600000, 0x000000070c600000, 0x000000070c800000|  0%| F|  |TAMS 0x000000070c600000| PB 0x000000070c600000| Untracked 
|  81|0x000000070c800000, 0x000000070c800000, 0x000000070ca00000|  0%| F|  |TAMS 0x000000070c800000| PB 0x000000070c800000| Untracked 
|  82|0x000000070ca00000, 0x000000070ca00000, 0x000000070cc00000|  0%| F|  |TAMS 0x000000070ca00000| PB 0x000000070ca00000| Untracked 
|  83|0x000000070cc00000, 0x000000070cc00000, 0x000000070ce00000|  0%| F|  |TAMS 0x000000070cc00000| PB 0x000000070cc00000| Untracked 
|  84|0x000000070ce00000, 0x000000070ce00000, 0x000000070d000000|  0%| F|  |TAMS 0x000000070ce00000| PB 0x000000070ce00000| Untracked 
|  85|0x000000070d000000, 0x000000070d000000, 0x000000070d200000|  0%| F|  |TAMS 0x000000070d000000| PB 0x000000070d000000| Untracked 
|  86|0x000000070d200000, 0x000000070d200000, 0x000000070d400000|  0%| F|  |TAMS 0x000000070d200000| PB 0x000000070d200000| Untracked 
|  87|0x000000070d400000, 0x000000070d400000, 0x000000070d600000|  0%| F|  |TAMS 0x000000070d400000| PB 0x000000070d400000| Untracked 
|  88|0x000000070d600000, 0x000000070d600000, 0x000000070d800000|  0%| F|  |TAMS 0x000000070d600000| PB 0x000000070d600000| Untracked 
|  89|0x000000070d800000, 0x000000070d800000, 0x000000070da00000|  0%| F|  |TAMS 0x000000070d800000| PB 0x000000070d800000| Untracked 
|  90|0x000000070da00000, 0x000000070da00000, 0x000000070dc00000|  0%| F|  |TAMS 0x000000070da00000| PB 0x000000070da00000| Untracked 
|  91|0x000000070dc00000, 0x000000070dc00000, 0x000000070de00000|  0%| F|  |TAMS 0x000000070dc00000| PB 0x000000070dc00000| Untracked 
|  92|0x000000070de00000, 0x000000070de00000, 0x000000070e000000|  0%| F|  |TAMS 0x000000070de00000| PB 0x000000070de00000| Untracked 
|  93|0x000000070e000000, 0x000000070e000000, 0x000000070e200000|  0%| F|  |TAMS 0x000000070e000000| PB 0x000000070e000000| Untracked 
|  94|0x000000070e200000, 0x000000070e200000, 0x000000070e400000|  0%| F|  |TAMS 0x000000070e200000| PB 0x000000070e200000| Untracked 
|  95|0x000000070e400000, 0x000000070e400000, 0x000000070e600000|  0%| F|  |TAMS 0x000000070e400000| PB 0x000000070e400000| Untracked 
|  96|0x000000070e600000, 0x000000070e600000, 0x000000070e800000|  0%| F|  |TAMS 0x000000070e600000| PB 0x000000070e600000| Untracked 
|  97|0x000000070e800000, 0x000000070e800000, 0x000000070ea00000|  0%| F|  |TAMS 0x000000070e800000| PB 0x000000070e800000| Untracked 
|  98|0x000000070ea00000, 0x000000070ea00000, 0x000000070ec00000|  0%| F|  |TAMS 0x000000070ea00000| PB 0x000000070ea00000| Untracked 
|  99|0x000000070ec00000, 0x000000070ec00000, 0x000000070ee00000|  0%| F|  |TAMS 0x000000070ec00000| PB 0x000000070ec00000| Untracked 
| 100|0x000000070ee00000, 0x000000070ee00000, 0x000000070f000000|  0%| F|  |TAMS 0x000000070ee00000| PB 0x000000070ee00000| Untracked 
| 101|0x000000070f000000, 0x000000070f000000, 0x000000070f200000|  0%| F|  |TAMS 0x000000070f000000| PB 0x000000070f000000| Untracked 
| 102|0x000000070f200000, 0x000000070f200000, 0x000000070f400000|  0%| F|  |TAMS 0x000000070f200000| PB 0x000000070f200000| Untracked 
| 103|0x000000070f400000, 0x000000070f400000, 0x000000070f600000|  0%| F|  |TAMS 0x000000070f400000| PB 0x000000070f400000| Untracked 
| 104|0x000000070f600000, 0x000000070f600000, 0x000000070f800000|  0%| F|  |TAMS 0x000000070f600000| PB 0x000000070f600000| Untracked 
| 105|0x000000070f800000, 0x000000070f800000, 0x000000070fa00000|  0%| F|  |TAMS 0x000000070f800000| PB 0x000000070f800000| Untracked 
| 106|0x000000070fa00000, 0x000000070fa00000, 0x000000070fc00000|  0%| F|  |TAMS 0x000000070fa00000| PB 0x000000070fa00000| Untracked 
| 107|0x000000070fc00000, 0x000000070fc00000, 0x000000070fe00000|  0%| F|  |TAMS 0x000000070fc00000| PB 0x000000070fc00000| Untracked 
| 108|0x000000070fe00000, 0x000000070fe00000, 0x0000000710000000|  0%| F|  |TAMS 0x000000070fe00000| PB 0x000000070fe00000| Untracked 
| 109|0x0000000710000000, 0x0000000710000000, 0x0000000710200000|  0%| F|  |TAMS 0x0000000710000000| PB 0x0000000710000000| Untracked 
| 110|0x0000000710200000, 0x0000000710200000, 0x0000000710400000|  0%| F|  |TAMS 0x0000000710200000| PB 0x0000000710200000| Untracked 
| 111|0x0000000710400000, 0x0000000710400000, 0x0000000710600000|  0%| F|  |TAMS 0x0000000710400000| PB 0x0000000710400000| Untracked 
| 112|0x0000000710600000, 0x0000000710800000, 0x0000000710800000|100%| E|  |TAMS 0x0000000710600000| PB 0x0000000710600000| Complete 
| 113|0x0000000710800000, 0x0000000710a00000, 0x0000000710a00000|100%| E|CS|TAMS 0x0000000710800000| PB 0x0000000710800000| Complete 
| 114|0x0000000710a00000, 0x0000000710c00000, 0x0000000710c00000|100%| E|CS|TAMS 0x0000000710a00000| PB 0x0000000710a00000| Complete 
| 115|0x0000000710c00000, 0x0000000710e00000, 0x0000000710e00000|100%| E|CS|TAMS 0x0000000710c00000| PB 0x0000000710c00000| Complete 
| 116|0x0000000710e00000, 0x0000000711000000, 0x0000000711000000|100%| E|CS|TAMS 0x0000000710e00000| PB 0x0000000710e00000| Complete 
| 117|0x0000000711000000, 0x0000000711200000, 0x0000000711200000|100%| E|CS|TAMS 0x0000000711000000| PB 0x0000000711000000| Complete 
| 118|0x0000000711200000, 0x0000000711400000, 0x0000000711400000|100%| E|CS|TAMS 0x0000000711200000| PB 0x0000000711200000| Complete 
| 119|0x0000000711400000, 0x0000000711600000, 0x0000000711600000|100%| E|CS|TAMS 0x0000000711400000| PB 0x0000000711400000| Complete 
| 120|0x0000000711600000, 0x0000000711800000, 0x0000000711800000|100%| E|CS|TAMS 0x0000000711600000| PB 0x0000000711600000| Complete 
| 121|0x0000000711800000, 0x0000000711a00000, 0x0000000711a00000|100%| E|CS|TAMS 0x0000000711800000| PB 0x0000000711800000| Complete 
| 122|0x0000000711a00000, 0x0000000711c00000, 0x0000000711c00000|100%| E|CS|TAMS 0x0000000711a00000| PB 0x0000000711a00000| Complete 
| 123|0x0000000711c00000, 0x0000000711e00000, 0x0000000711e00000|100%| E|CS|TAMS 0x0000000711c00000| PB 0x0000000711c00000| Complete 
| 124|0x0000000711e00000, 0x0000000712000000, 0x0000000712000000|100%| E|CS|TAMS 0x0000000711e00000| PB 0x0000000711e00000| Complete 
| 125|0x0000000712000000, 0x0000000712200000, 0x0000000712200000|100%| E|CS|TAMS 0x0000000712000000| PB 0x0000000712000000| Complete 
| 126|0x0000000712200000, 0x0000000712400000, 0x0000000712400000|100%| E|CS|TAMS 0x0000000712200000| PB 0x0000000712200000| Complete 

Card table byte_map: [0x0000018bd45c0000,0x0000018bd4db0000] _byte_map_base: 0x0000018bd0dad000

Marking Bits: (CMBitMap*) 0x0000018bbc6b3f50
 Bits: [0x0000018bd4db0000, 0x0000018bd8d18000)

Polling page: 0x0000018bba5d0000

Metaspace:

Usage:
  Non-class:     15.94 MB used.
      Class:      2.00 MB used.
       Both:     17.94 MB used.

Virtual space:
  Non-class space:       64.00 MB reserved,      16.06 MB ( 25%) committed,  1 nodes.
      Class space:        1.00 GB reserved,       2.12 MB ( <1%) committed,  1 nodes.
             Both:        1.06 GB reserved,      18.19 MB (  2%) committed. 

Chunk freelists:
   Non-Class:  15.19 MB
       Class:  13.78 MB
        Both:  28.96 MB

MaxMetaspaceSize: unlimited
CompressedClassSpaceSize: 1.00 GB
Initial GC threshold: 21.00 MB
Current GC threshold: 21.00 MB
CDS: on
 - commit_granule_bytes: 65536.
 - commit_granule_words: 8192.
 - virtual_space_node_default_size: 8388608.
 - enlarge_chunks_in_place: 1.
 - use_allocation_guard: 0.


Internal statistics:

num_allocs_failed_limit: 0.
num_arena_births: 180.
num_arena_deaths: 0.
num_vsnodes_births: 2.
num_vsnodes_deaths: 0.
num_space_committed: 291.
num_space_uncommitted: 0.
num_chunks_returned_to_freelist: 0.
num_chunks_taken_from_freelist: 824.
num_chunk_merges: 0.
num_chunk_splits: 563.
num_chunks_enlarged: 446.
num_inconsistent_stats: 0.

CodeHeap 'non-profiled nmethods': size=120000Kb used=3024Kb max_used=3024Kb free=116975Kb
 bounds [0x0000018bcc570000, 0x0000018bcc870000, 0x0000018bd3aa0000]
CodeHeap 'profiled nmethods': size=120000Kb used=11536Kb max_used=11536Kb free=108463Kb
 bounds [0x0000018bc4aa0000, 0x0000018bc55f0000, 0x0000018bcbfd0000]
CodeHeap 'non-nmethods': size=5760Kb used=1416Kb max_used=1484Kb free=4343Kb
 bounds [0x0000018bcbfd0000, 0x0000018bcc240000, 0x0000018bcc570000]
 total_blobs=5673 nmethods=5165 adapters=412
 compilation: enabled
              stopped_count=0, restarted_count=0
 full_count=0

Compilation events (20 events):
Event: 7.229 Thread 0x0000018c225b4220 nmethod 5137 0x0000018bcc863490 code [0x0000018bcc863640, 0x0000018bcc863b28]
Event: 7.229 Thread 0x0000018c225b4220 5149       4       java.util.regex.Pattern::compile (537 bytes)
Event: 7.235 Thread 0x0000018bdb77e250 5150       1       org.apache.maven.model.building.ModelCacheTag$1::getType (3 bytes)
Event: 7.235 Thread 0x0000018bdb77e250 nmethod 5150 0x0000018bcc863d90 code [0x0000018bcc863f20, 0x0000018bcc863ff0]
Event: 7.236 Thread 0x0000018bdb77e250 5151       3       org.apache.maven.model.Scm::getLocation (304 bytes)
Event: 7.237 Thread 0x0000018bdb77e250 nmethod 5151 0x0000018bc55d3410 code [0x0000018bc55d3720, 0x0000018bc55d48a8]
Event: 7.237 Thread 0x0000018bdb77e250 5152       1       org.apache.maven.model.Site::setUrl (6 bytes)
Event: 7.237 Thread 0x0000018bdb77e250 nmethod 5152 0x0000018bcc864090 code [0x0000018bcc864220, 0x0000018bcc864340]
Event: 7.246 Thread 0x0000018bdb77e250 5154       3       java.util.regex.Pattern$BnM::match (161 bytes)
Event: 7.246 Thread 0x0000018bdb77e250 nmethod 5154 0x0000018bc55d4b90 code [0x0000018bc55d4da0, 0x0000018bc55d5528]
Event: 7.251 Thread 0x0000018bdb77e250 5155       3       org.apache.maven.model.merge.MavenModelMerger::mergeReportPlugin_ReportSets (235 bytes)
Event: 7.253 Thread 0x0000018bdb77e250 nmethod 5155 0x0000018bc55d5890 code [0x0000018bc55d5ce0, 0x0000018bc55d8070]
Event: 7.254 Thread 0x0000018bdb77e250 5156       3       org.eclipse.aether.internal.impl.collect.DataPool::toKey (17 bytes)
Event: 7.254 Thread 0x0000018bdb77e250 nmethod 5156 0x0000018bc55d8b10 code [0x0000018bc55d8cc0, 0x0000018bc55d8e88]
Event: 7.254 Thread 0x0000018bdb77e250 5157       3       org.eclipse.aether.util.graph.transformer.ConflictMarker::merge (75 bytes)
Event: 7.255 Thread 0x0000018bdb77e250 nmethod 5157 0x0000018bc55d8f90 code [0x0000018bc55d9200, 0x0000018bc55d9ce8]
Event: 7.259 Thread 0x0000018bdb77e250 5158       3       org.eclipse.aether.util.graph.transformer.NearestVersionSelector::isNearer (57 bytes)
Event: 7.259 Thread 0x0000018bdb77e250 nmethod 5158 0x0000018bc55da010 code [0x0000018bc55da220, 0x0000018bc55da860]
Event: 7.260 Thread 0x0000018bdb77e250 5159       3       org.eclipse.aether.util.graph.transformer.ConflictResolver$ConflictItem::isSibling (17 bytes)
Event: 7.260 Thread 0x0000018bdb77e250 nmethod 5159 0x0000018bc55daa90 code [0x0000018bc55dac40, 0x0000018bc55dadc0]

GC Heap History (6 events):
Event: 1.309 GC heap before
{Heap before GC invocations=0 (full 0):
 garbage-first heap   total 260096K, used 22528K [0x0000000702600000, 0x0000000800000000)
  region size 2048K, 11 young (22528K), 0 survivors (0K)
 Metaspace       used 5929K, committed 6080K, reserved 1114112K
  class space    used 678K, committed 768K, reserved 1048576K
}
Event: 1.314 GC heap after
{Heap after GC invocations=1 (full 0):
 garbage-first heap   total 260096K, used 3839K [0x0000000702600000, 0x0000000800000000)
  region size 2048K, 2 young (4096K), 2 survivors (4096K)
 Metaspace       used 5929K, committed 6080K, reserved 1114112K
  class space    used 678K, committed 768K, reserved 1048576K
}
Event: 2.176 GC heap before
{Heap before GC invocations=1 (full 0):
 garbage-first heap   total 260096K, used 36607K [0x0000000702600000, 0x0000000800000000)
  region size 2048K, 18 young (36864K), 2 survivors (4096K)
 Metaspace       used 9559K, committed 9792K, reserved 1114112K
  class space    used 1126K, committed 1216K, reserved 1048576K
}
Event: 2.181 GC heap after
{Heap after GC invocations=2 (full 0):
 garbage-first heap   total 260096K, used 5414K [0x0000000702600000, 0x0000000800000000)
  region size 2048K, 1 young (2048K), 1 survivors (2048K)
 Metaspace       used 9559K, committed 9792K, reserved 1114112K
  class space    used 1126K, committed 1216K, reserved 1048576K
}
Event: 6.114 GC heap before
{Heap before GC invocations=2 (full 0):
 garbage-first heap   total 260096K, used 159014K [0x0000000702600000, 0x0000000800000000)
  region size 2048K, 76 young (155648K), 1 survivors (2048K)
 Metaspace       used 16861K, committed 17152K, reserved 1114112K
  class space    used 1896K, committed 2048K, reserved 1048576K
}
Event: 6.130 GC heap after
{Heap after GC invocations=3 (full 0):
 garbage-first heap   total 260096K, used 17801K [0x0000000702600000, 0x0000000800000000)
  region size 2048K, 7 young (14336K), 7 survivors (14336K)
 Metaspace       used 16861K, committed 17152K, reserved 1114112K
  class space    used 1896K, committed 2048K, reserved 1048576K
}

Dll operation events (11 events):
Event: 0.016 Loaded shared library C:\Program Files\Java\jdk-21\bin\java.dll
Event: 0.066 Loaded shared library C:\Program Files\Java\jdk-21\bin\jsvml.dll
Event: 0.140 Loaded shared library C:\Program Files\Java\jdk-21\bin\zip.dll
Event: 0.146 Loaded shared library C:\Program Files\Java\jdk-21\bin\instrument.dll
Event: 0.153 Loaded shared library C:\Program Files\Java\jdk-21\bin\net.dll
Event: 0.155 Loaded shared library C:\Program Files\Java\jdk-21\bin\nio.dll
Event: 0.160 Loaded shared library C:\Program Files\Java\jdk-21\bin\zip.dll
Event: 0.193 Loaded shared library C:\Program Files\Java\jdk-21\bin\extnet.dll
Event: 0.643 Loaded shared library C:\Program Files\Java\jdk-21\bin\jimage.dll
Event: 0.680 Loaded shared library C:\Users\User\AppData\Local\Temp\jansi-2.4.2-e348c82b4fb804e5-jansi.dll
Event: 0.705 Loaded shared library C:\Program Files\Java\jdk-21\bin\verify.dll

Deoptimization events (20 events):
Event: 6.736 Thread 0x0000018bba3b6420 DEOPT PACKING pc=0x0000018bcc7d4f5c sp=0x0000007e373fd0a0
Event: 6.736 Thread 0x0000018bba3b6420 DEOPT UNPACKING pc=0x0000018bcc0246a2 sp=0x0000007e373fd058 mode 2
Event: 6.775 Thread 0x0000018bba3b6420 Uncommon trap: trap_request=0xffffff45 fr.pc=0x0000018bcc7effd0 relative=0x0000000000000470
Event: 6.775 Thread 0x0000018bba3b6420 Uncommon trap: reason=unstable_if action=reinterpret pc=0x0000018bcc7effd0 method=java.util.regex.Pattern.closure(Ljava/util/regex/Pattern$Node;)Ljava/util/regex/Pattern$Node; @ 6 c2
Event: 6.775 Thread 0x0000018bba3b6420 DEOPT PACKING pc=0x0000018bcc7effd0 sp=0x0000007e373fb200
Event: 6.775 Thread 0x0000018bba3b6420 DEOPT UNPACKING pc=0x0000018bcc0246a2 sp=0x0000007e373fb1a0 mode 2
Event: 6.779 Thread 0x0000018bba3b6420 Uncommon trap: trap_request=0xffffff45 fr.pc=0x0000018bcc5c0d1c relative=0x00000000000000fc
Event: 6.779 Thread 0x0000018bba3b6420 Uncommon trap: reason=unstable_if action=reinterpret pc=0x0000018bcc5c0d1c method=java.util.HashMap.hash(Ljava/lang/Object;)I @ 1 c2
Event: 6.779 Thread 0x0000018bba3b6420 DEOPT PACKING pc=0x0000018bcc5c0d1c sp=0x0000007e373fbcd0
Event: 6.779 Thread 0x0000018bba3b6420 DEOPT UNPACKING pc=0x0000018bcc0246a2 sp=0x0000007e373fbc10 mode 2
Event: 6.891 Thread 0x0000018bba3b6420 DEOPT PACKING pc=0x0000018bc4d2380e sp=0x0000007e373fde10
Event: 6.891 Thread 0x0000018bba3b6420 DEOPT UNPACKING pc=0x0000018bcc024e42 sp=0x0000007e373fd390 mode 0
Event: 7.072 Thread 0x0000018bba3b6420 Uncommon trap: trap_request=0xffffff45 fr.pc=0x0000018bcc73d984 relative=0x00000000000011c4
Event: 7.072 Thread 0x0000018bba3b6420 Uncommon trap: reason=unstable_if action=reinterpret pc=0x0000018bcc73d984 method=org.eclipse.sisu.inject.LocatedBeans$Itr.hasNext()Z @ 81 c2
Event: 7.072 Thread 0x0000018bba3b6420 DEOPT PACKING pc=0x0000018bcc73d984 sp=0x0000007e373fe190
Event: 7.072 Thread 0x0000018bba3b6420 DEOPT UNPACKING pc=0x0000018bcc0246a2 sp=0x0000007e373fe160 mode 2
Event: 7.121 Thread 0x0000018bba3b6420 Uncommon trap: trap_request=0xffffff45 fr.pc=0x0000018bcc7ed5f4 relative=0x00000000000000d4
Event: 7.121 Thread 0x0000018bba3b6420 Uncommon trap: reason=unstable_if action=reinterpret pc=0x0000018bcc7ed5f4 method=java.util.regex.Pattern.escape(ZZZ)I @ 8 c2
Event: 7.121 Thread 0x0000018bba3b6420 DEOPT PACKING pc=0x0000018bcc7ed5f4 sp=0x0000007e373fce20
Event: 7.121 Thread 0x0000018bba3b6420 DEOPT UNPACKING pc=0x0000018bcc0246a2 sp=0x0000007e373fcd98 mode 2

Classes loaded (20 events):
Event: 6.781 Loading class java/time/zone/ZoneRulesProvider$1
Event: 6.781 Loading class java/time/zone/ZoneRulesProvider$1 done
Event: 6.781 Loading class java/time/zone/TzdbZoneRulesProvider
Event: 6.781 Loading class java/time/zone/TzdbZoneRulesProvider done
Event: 6.786 Loading class java/time/zone/Ser
Event: 6.786 Loading class java/io/Externalizable
Event: 6.786 Loading class java/io/Externalizable done
Event: 6.786 Loading class java/time/zone/Ser done
Event: 6.787 Loading class java/time/zone/ZoneOffsetTransition
Event: 6.787 Loading class java/time/zone/ZoneOffsetTransition done
Event: 6.830 Loading class jdk/internal/reflect/MethodHandleBooleanFieldAccessorImpl
Event: 6.831 Loading class jdk/internal/reflect/MethodHandleBooleanFieldAccessorImpl done
Event: 7.093 Loading class java/lang/Character$UnicodeBlock
Event: 7.093 Loading class java/lang/Character$Subset
Event: 7.093 Loading class java/lang/Character$Subset done
Event: 7.095 Loading class java/lang/Character$UnicodeBlock done
Event: 7.132 Loading class java/io/CharArrayWriter
Event: 7.133 Loading class java/io/CharArrayWriter done
Event: 7.142 Loading class java/nio/file/attribute/PosixFileAttributes
Event: 7.143 Loading class java/nio/file/attribute/PosixFileAttributes done

Classes unloaded (0 events):
No events

Classes redefined (0 events):
No events

Internal exceptions (20 events):
Event: 3.529 Thread 0x0000018bba3b6420 Implicit null exception at 0x0000018bcc5a5b20 to 0x0000018bcc5a61bc
Event: 3.582 Thread 0x0000018bba3b6420 Exception <a 'java/lang/NoSuchMethodError'{0x000000071081df58}: 'void java.lang.invoke.DirectMethodHandle$Holder.invokeSpecial(java.lang.Object, java.lang.Object, java.lang.Object, java.lang.Object, java.lang.Object, java.lang.Object)'> (0x000000071081df58) 
thrown [s\open\src\hotspot\share\interpreter\linkResolver.cpp, line 773]
Event: 3.605 Thread 0x0000018bba3b6420 Exception <a 'java/lang/NoSuchMethodError'{0x0000000710915398}: 'java.lang.Object java.lang.invoke.DirectMethodHandle$Holder.invokeVirtual(java.lang.Object, java.lang.Object, java.lang.Object)'> (0x0000000710915398) 
thrown [s\open\src\hotspot\share\interpreter\linkResolver.cpp, line 773]
Event: 3.693 Thread 0x0000018bba3b6420 Exception <a 'java/lang/NoSuchMethodError'{0x00000007106f0b18}: 'void java.lang.invoke.DirectMethodHandle$Holder.invokeVirtual(java.lang.Object, java.lang.Object, int)'> (0x00000007106f0b18) 
thrown [s\open\src\hotspot\share\interpreter\linkResolver.cpp, line 773]
Event: 3.694 Thread 0x0000018bba3b6420 Exception <a 'java/lang/NoSuchMethodError'{0x00000007106f4c60}: 'int java.lang.invoke.DirectMethodHandle$Holder.invokeSpecial(java.lang.Object, java.lang.Object, java.lang.Object, int)'> (0x00000007106f4c60) 
thrown [s\open\src\hotspot\share\interpreter\linkResolver.cpp, line 773]
Event: 3.697 Thread 0x0000018bba3b6420 Exception <a 'java/lang/NoSuchMethodError'{0x0000000710707308}: 'java.lang.Object java.lang.invoke.DirectMethodHandle$Holder.invokeStatic(java.lang.Object, java.lang.Object, java.lang.Object, java.lang.Object, int)'> (0x0000000710707308) 
thrown [s\open\src\hotspot\share\interpreter\linkResolver.cpp, line 773]
Event: 3.698 Thread 0x0000018bba3b6420 Exception <a 'java/lang/NoSuchMethodError'{0x000000071070f0e8}: 'void java.lang.invoke.DirectMethodHandle$Holder.invokeSpecial(java.lang.Object, java.lang.Object, java.lang.Object, int)'> (0x000000071070f0e8) 
thrown [s\open\src\hotspot\share\interpreter\linkResolver.cpp, line 773]
Event: 3.699 Thread 0x0000018bba3b6420 Exception <a 'java/lang/NoSuchMethodError'{0x00000007107127a8}: 'void java.lang.invoke.DelegatingMethodHandle$Holder.reinvoke_L(java.lang.Object, java.lang.Object, int)'> (0x00000007107127a8) 
thrown [s\open\src\hotspot\share\interpreter\linkResolver.cpp, line 773]
Event: 4.546 Thread 0x0000018bba3b6420 Exception <a 'java/lang/NoSuchMethodError'{0x000000070e4f5ce8}: 'void java.lang.invoke.DirectMethodHandle$Holder.invokeStatic(java.lang.Object, java.lang.Object, java.lang.Object, java.lang.Object)'> (0x000000070e4f5ce8) 
thrown [s\open\src\hotspot\share\interpreter\linkResolver.cpp, line 773]
Event: 6.132 Thread 0x0000018bba3b6420 Implicit null exception at 0x0000018bcc7dc5ae to 0x0000018bcc7e0418
Event: 6.132 Thread 0x0000018bba3b6420 Implicit null exception at 0x0000018bcc7d6146 to 0x0000018bcc7d7698
Event: 6.185 Thread 0x0000018bba3b6420 Implicit null exception at 0x0000018bcc782e20 to 0x0000018bcc783060
Event: 6.185 Thread 0x0000018bba3b6420 Implicit null exception at 0x0000018bcc771720 to 0x0000018bcc771960
Event: 6.186 Thread 0x0000018bba3b6420 Implicit null exception at 0x0000018bcc5fbf40 to 0x0000018bcc5fbfc5
Event: 6.673 Thread 0x0000018bba3b6420 Implicit null exception at 0x0000018bcc7d87c0 to 0x0000018bcc7d8836
Event: 6.674 Thread 0x0000018bba3b6420 Exception <a 'java/lang/NoSuchMethodError'{0x0000000711db1fa8}: 'java.lang.Object java.lang.invoke.DirectMethodHandle$Holder.newInvokeSpecial(java.lang.Object, java.lang.Object, java.lang.Object, java.lang.Object, java.lang.Object, java.lang.Object, java.lang.Object)'> (0x0000000711db1fa8) 
thrown [s\open\src\hotspot\share\interpreter\linkResolver.cpp, line 773]
Event: 6.676 Thread 0x0000018bba3b6420 Implicit null exception at 0x0000018bcc7b3212 to 0x0000018bcc7b3edc
Event: 6.747 Thread 0x0000018bba3b6420 Exception <a 'java/lang/NoSuchMethodError'{0x0000000711866ef0}: 'int java.lang.invoke.DirectMethodHandle$Holder.invokeVirtual(java.lang.Object, java.lang.Object)'> (0x0000000711866ef0) 
thrown [s\open\src\hotspot\share\interpreter\linkResolver.cpp, line 773]
Event: 6.779 Thread 0x0000018bba3b6420 Implicit null exception at 0x0000018bcc5c0c66 to 0x0000018bcc5c0d12
Event: 6.831 Thread 0x0000018bba3b6420 Exception <a 'java/lang/NoSuchMethodError'{0x00000007119d5e00}: 'void java.lang.invoke.Invokers$Holder.invokeExact_MT(java.lang.Object, java.lang.Object, int, java.lang.Object)'> (0x00000007119d5e00) 
thrown [s\open\src\hotspot\share\interpreter\linkResolver.cpp, line 773]

ZGC Phase Switch (0 events):
No events

VM Operations (20 events):
Event: 3.472 Executing VM operation: HandshakeAllThreads (Deoptimize)
Event: 3.472 Executing VM operation: HandshakeAllThreads (Deoptimize) done
Event: 3.473 Executing VM operation: HandshakeAllThreads (Deoptimize)
Event: 3.473 Executing VM operation: HandshakeAllThreads (Deoptimize) done
Event: 3.683 Executing VM operation: ICBufferFull
Event: 3.683 Executing VM operation: ICBufferFull done
Event: 4.101 Executing VM operation: ICBufferFull
Event: 4.101 Executing VM operation: ICBufferFull done
Event: 4.716 Executing VM operation: ICBufferFull
Event: 4.716 Executing VM operation: ICBufferFull done
Event: 5.242 Executing VM operation: ICBufferFull
Event: 5.242 Executing VM operation: ICBufferFull done
Event: 5.684 Executing VM operation: ICBufferFull
Event: 5.684 Executing VM operation: ICBufferFull done
Event: 6.114 Executing VM operation: G1CollectForAllocation (G1 Evacuation Pause)
Event: 6.130 Executing VM operation: G1CollectForAllocation (G1 Evacuation Pause) done
Event: 6.811 Executing VM operation: ICBufferFull
Event: 6.811 Executing VM operation: ICBufferFull done
Event: 7.141 Executing VM operation: ICBufferFull
Event: 7.141 Executing VM operation: ICBufferFull done

Events (20 events):
Event: 0.063 Thread 0x0000018bdb76a670 Thread added: 0x0000018bdb76a670
Event: 0.063 Thread 0x0000018bdb76b1d0 Thread added: 0x0000018bdb76b1d0
Event: 0.064 Thread 0x0000018bdb76f240 Thread added: 0x0000018bdb76f240
Event: 0.064 Thread 0x0000018bdb770130 Thread added: 0x0000018bdb770130
Event: 0.064 Thread 0x0000018bdb771fa0 Thread added: 0x0000018bdb771fa0
Event: 0.064 Thread 0x0000018bdb774a10 Thread added: 0x0000018bdb774a10
Event: 0.064 Thread 0x0000018bdb7757a0 Thread added: 0x0000018bdb7757a0
Event: 0.064 Thread 0x0000018bdb77e250 Thread added: 0x0000018bdb77e250
Event: 0.099 Thread 0x0000018bdb733d40 Thread added: 0x0000018bdb733d40
Event: 0.179 Thread 0x0000018bdba52ed0 Thread added: 0x0000018bdba52ed0
Event: 0.180 Thread 0x0000018bdba53540 Thread added: 0x0000018bdba53540
Event: 0.637 Thread 0x0000018c21136dd0 Thread added: 0x0000018c21136dd0
Event: 0.660 Thread 0x0000018c21136dd0 Thread exited: 0x0000018c21136dd0
Event: 1.015 Thread 0x0000018c21314600 Thread added: 0x0000018c21314600
Event: 1.320 Thread 0x0000018c216ff5d0 Thread added: 0x0000018c216ff5d0
Event: 2.087 Thread 0x0000018c216ff5d0 Thread exited: 0x0000018c216ff5d0
Event: 2.406 Thread 0x0000018c21314600 Thread exited: 0x0000018c21314600
Event: 3.191 Thread 0x0000018c22033550 Thread added: 0x0000018c22033550
Event: 3.432 Thread 0x0000018c22249eb0 Thread added: 0x0000018c22249eb0
Event: 3.852 Thread 0x0000018c225b4220 Thread added: 0x0000018c225b4220


Dynamic libraries:
0x00007ff76e2f0000 - 0x00007ff76e300000 	C:\Program Files\Java\jdk-21\bin\java.exe
0x00007ffc27780000 - 0x00007ffc279e7000 	C:\WINDOWS\SYSTEM32\ntdll.dll
0x00007ffc26640000 - 0x00007ffc26709000 	C:\WINDOWS\System32\KERNEL32.DLL
0x00007ffc249c0000 - 0x00007ffc24daf000 	C:\WINDOWS\System32\KERNELBASE.dll
0x00007ffc24f00000 - 0x00007ffc2504b000 	C:\WINDOWS\System32\ucrtbase.dll
0x00007ffbe2bc0000 - 0x00007ffbe2bd9000 	C:\Program Files\Java\jdk-21\bin\jli.dll
0x00007ffc260f0000 - 0x00007ffc261a4000 	C:\WINDOWS\System32\ADVAPI32.dll
0x00007ffc27430000 - 0x00007ffc274d9000 	C:\WINDOWS\System32\msvcrt.dll
0x00007ffc27590000 - 0x00007ffc27636000 	C:\WINDOWS\System32\sechost.dll
0x00007ffc25fd0000 - 0x00007ffc260e8000 	C:\WINDOWS\System32\RPCRT4.dll
0x00007ffc25520000 - 0x00007ffc256e5000 	C:\WINDOWS\System32\USER32.dll
0x00007ffc24990000 - 0x00007ffc249b7000 	C:\WINDOWS\System32\win32u.dll
0x00007ffc263b0000 - 0x00007ffc263db000 	C:\WINDOWS\System32\GDI32.dll
0x00007ffc253f0000 - 0x00007ffc2551c000 	C:\WINDOWS\System32\gdi32full.dll
0x00007ffc24e50000 - 0x00007ffc24ef3000 	C:\WINDOWS\System32\msvcp_win.dll
0x00007ffbf5540000 - 0x00007ffbf555b000 	C:\Program Files\Java\jdk-21\bin\VCRUNTIME140.dll
0x00007ffc08000000 - 0x00007ffc08293000 	C:\WINDOWS\WinSxS\amd64_microsoft.windows.common-controls_6595b64144ccf1df_6.0.26100.7309_none_3e05feeae336a044\COMCTL32.dll
0x00007ffc1a8e0000 - 0x00007ffc1a8eb000 	C:\WINDOWS\SYSTEM32\VERSION.dll
0x00007ffc263f0000 - 0x00007ffc26421000 	C:\WINDOWS\System32\IMM32.DLL
0x00007ffbf5530000 - 0x00007ffbf553c000 	C:\Program Files\Java\jdk-21\bin\vcruntime140_1.dll
0x00007ffbc2f50000 - 0x00007ffbc2fde000 	C:\Program Files\Java\jdk-21\bin\msvcp140.dll
0x00007ffbaed70000 - 0x00007ffbafa83000 	C:\Program Files\Java\jdk-21\bin\server\jvm.dll
0x00007ffc264c0000 - 0x00007ffc26534000 	C:\WINDOWS\System32\WS2_32.dll
0x00007ffc24750000 - 0x00007ffc247ae000 	C:\WINDOWS\SYSTEM32\POWRPROF.dll
0x00007ffc0dc10000 - 0x00007ffc0dc45000 	C:\WINDOWS\SYSTEM32\WINMM.dll
0x00007ffc24730000 - 0x00007ffc24744000 	C:\WINDOWS\SYSTEM32\UMPDC.dll
0x00007ffc23640000 - 0x00007ffc2365b000 	C:\WINDOWS\SYSTEM32\kernel.appcore.dll
0x00007ffbe8b70000 - 0x00007ffbe8b7a000 	C:\Program Files\Java\jdk-21\bin\jimage.dll
0x00007ffc22180000 - 0x00007ffc223c2000 	C:\WINDOWS\SYSTEM32\DBGHELP.DLL
0x00007ffc256f0000 - 0x00007ffc25a75000 	C:\WINDOWS\System32\combase.dll
0x00007ffc26720000 - 0x00007ffc267f6000 	C:\WINDOWS\System32\OLEAUT32.dll
0x00007ffc04dc0000 - 0x00007ffc04dfc000 	C:\WINDOWS\SYSTEM32\dbgcore.DLL
0x00007ffc25050000 - 0x00007ffc250f5000 	C:\WINDOWS\System32\bcryptPrimitives.dll
0x00007ffc190d0000 - 0x00007ffc190df000 	C:\Program Files\Java\jdk-21\bin\instrument.dll
0x00007ffbca880000 - 0x00007ffbca89f000 	C:\Program Files\Java\jdk-21\bin\java.dll
0x00007ffc26800000 - 0x00007ffc26f53000 	C:\WINDOWS\System32\SHELL32.dll
0x00007ffc25280000 - 0x00007ffc253ea000 	C:\WINDOWS\System32\wintypes.dll
0x00007ffc224b0000 - 0x00007ffc22d0e000 	C:\WINDOWS\SYSTEM32\windows.storage.dll
0x00007ffc27150000 - 0x00007ffc27245000 	C:\WINDOWS\System32\SHCORE.dll
0x00007ffc265d0000 - 0x00007ffc26636000 	C:\WINDOWS\System32\shlwapi.dll
0x00007ffc247f0000 - 0x00007ffc24819000 	C:\WINDOWS\SYSTEM32\profapi.dll
0x00007ffbc2e70000 - 0x00007ffbc2f47000 	C:\Program Files\Java\jdk-21\bin\jsvml.dll
0x00007ffbc4930000 - 0x00007ffbc4948000 	C:\Program Files\Java\jdk-21\bin\zip.dll
0x00007ffbe6910000 - 0x00007ffbe6920000 	C:\Program Files\Java\jdk-21\bin\net.dll
0x00007ffc18f70000 - 0x00007ffc19098000 	C:\WINDOWS\SYSTEM32\WINHTTP.dll
0x00007ffc23b90000 - 0x00007ffc23bfb000 	C:\WINDOWS\system32\mswsock.dll
0x00007ffbca860000 - 0x00007ffbca876000 	C:\Program Files\Java\jdk-21\bin\nio.dll
0x00007ffbe2eb0000 - 0x00007ffbe2eb7000 	C:\Program Files\Java\jdk-21\bin\extnet.dll
0x00007ffc0ca10000 - 0x00007ffc0ca34000 	C:\Users\User\AppData\Local\Temp\jansi-2.4.2-e348c82b4fb804e5-jansi.dll
0x00007ffbca790000 - 0x00007ffbca7a0000 	C:\Program Files\Java\jdk-21\bin\verify.dll

dbghelp: loaded successfully - version: 4.0.5 - missing functions: none
symbol engine: initialized successfully - sym options: 0x614 - pdb path: .;C:\Program Files\Java\jdk-21\bin;C:\WINDOWS\SYSTEM32;C:\WINDOWS\WinSxS\amd64_microsoft.windows.common-controls_6595b64144ccf1df_6.0.26100.7309_none_3e05feeae336a044;C:\Program Files\Java\jdk-21\bin\server;C:\Users\User\AppData\Local\Temp

VM Arguments:
jvm_args: -Dmaven.multiModuleProjectDirectory=C:\Users\User\Desktop\ChallengeC\kafka-docker\order-service -Djansi.passthrough=true -Dmaven.home=C:\Users\User\.m2\wrapper\dists\apache-maven-3.9.12-bin\5nmfsn99br87k5d4ajlekdq10k\apache-maven-3.9.12 -Dclassworlds.conf=C:\Users\User\.m2\wrapper\dists\apache-maven-3.9.12-bin\5nmfsn99br87k5d4ajlekdq10k\apache-maven-3.9.12\bin\m2.conf -Dmaven.ext.class.path=C:\Users\User\AppData\Local\JetBrains\IntelliJ IDEA Community Edition 2025.1\plugins\maven\lib\maven-event-listener.jar -javaagent:C:\Users\User\AppData\Local\JetBrains\IntelliJ IDEA Community Edition 2025.1\lib\idea_rt.jar=51814 -Dfile.encoding=UTF-8 -Dsun.stdout.encoding=UTF-8 -Dsun.stderr.encoding=UTF-8 
java_command: org.codehaus.classworlds.Launcher -Didea.version=2025.1 clean install
java_class_path (initial): C:\Users\User\.m2\wrapper\dists\apache-maven-3.9.12-bin\5nmfsn99br87k5d4ajlekdq10k\apache-maven-3.9.12\boot\plexus-classworlds-2.9.0.jar;C:\Users\User\.m2\wrapper\dists\apache-maven-3.9.12-bin\5nmfsn99br87k5d4ajlekdq10k\apache-maven-3.9.12\boot\plexus-classworlds.license
Launcher Type: SUN_STANDARD

[Global flags]
     intx CICompilerCount                          = 4                                         {product} {ergonomic}
     uint ConcGCThreads                            = 2                                         {product} {ergonomic}
     uint G1ConcRefinementThreads                  = 8                                         {product} {ergonomic}
   size_t G1HeapRegionSize                         = 2097152                                   {product} {ergonomic}
    uintx GCDrainStackTargetSize                   = 64                                        {product} {ergonomic}
   size_t InitialHeapSize                          = 266338304                                 {product} {ergonomic}
   size_t MarkStackSize                            = 4194304                                   {product} {ergonomic}
   size_t MaxHeapSize                              = 4255121408                                {product} {ergonomic}
   size_t MaxNewSize                               = 2552233984                                {product} {ergonomic}
   size_t MinHeapDeltaBytes                        = 2097152                                   {product} {ergonomic}
   size_t MinHeapSize                              = 8388608                                   {product} {ergonomic}
    uintx NonNMethodCodeHeapSize                   = 5839372                                {pd product} {ergonomic}
    uintx NonProfiledCodeHeapSize                  = 122909434                              {pd product} {ergonomic}
    uintx ProfiledCodeHeapSize                     = 122909434                              {pd product} {ergonomic}
    uintx ReservedCodeCacheSize                    = 251658240                              {pd product} {ergonomic}
     bool SegmentedCodeCache                       = true                                      {product} {ergonomic}
   size_t SoftMaxHeapSize                          = 4255121408                             {manageable} {ergonomic}
     bool UseCompressedOops                        = true                           {product lp64_product} {ergonomic}
     bool UseG1GC                                  = true                                      {product} {ergonomic}
     bool UseLargePagesIndividualAllocation        = false                                  {pd product} {ergonomic}

Logging:
Log output configuration:
 #0: stdout all=warning uptime,level,tags foldmultilines=false
 #1: stderr all=off uptime,level,tags foldmultilines=false

Environment Variables:
JAVA_HOME=C:\Program Files\Java\jdk-17.0.12
CLASSPATH=.;
PATH=C:\Program Files\Java\jdk-17.0.12\bin;C:\Program Files\Apache Maven\maven -3.9.0\apache-maven-3.9.9\bin;C:\Program Files\Git\bin;C:\Program Files\Common Files\Oracle\Java\javapath;C:\Program Files (x86)\Common Files\Oracle\Java\java8path;C:\Program Files (x86)\Common Files\Oracle\Java\javapath;C:\WINDOWS\system32;C:\WINDOWS;C:\WINDOWS\System32\Wbem;C:\WINDOWS\System32\WindowsPowerShell\v1.0\;C:\WINDOWS\System32\OpenSSH\;C:\Program Files\PostgreSQL\16\bin;C:\Program Files\MySQL\MySQL Server 8.0\bin;C:\path\to\jdk\lib; C:\Program Files\nodejs; C:\Program Files\Mongosh\mongosh-2.5.8-win32-x64\bin;C:\Program Files\Docker\Docker\resources\bin;C:\Program Files\Java\jdk-17.0.12\bin;C:\oraclexe\app\oracle\product\10.2.0\server\bin;C:\Program Files\Common Files\Oracle\Java\javapath;C:\Program Files (x86)\Common Files\Oracle\Java\java8path;C:\Program Files (x86)\Common Files\Oracle\Java\javapath;C:\WINDOWS\system32;C:\WINDOWS;C:\WINDOWS\System32\Wbem;C:\WINDOWS\System32\WindowsPowerShell\v1.0\;C:\WINDOWS\System32\OpenSSH\;C:\Program Files (x86)\MySQL\MySQL Server 5.1\bin;C:\Program Files\MySql9\mysql-9.0.1-winx64\bin;C:\Program Files\Java\jdk1.8.0_131\bin;C:\Users\User\AppData\Local\Microsoft\WindowsApps;C:\Users\User\AppData\Local\Programs\Microsoft VS Code\bin;C:\path\to\jdk\bin;C:\Program Files\PostgreSQL\16\bin;C:\Program Files\JetBrains\IntelliJ IDEA 2024.2\bin;C:\Program Files\JetBrains\IntelliJ IDEA Community Edition 2024.2.1\bin;C:\Users\User\AppData\Local\Microsoft\WindowsApps;D:\PROGRAM_FILES\SonarQube\sonarqube-24.12.0.100206\bin\windows-x86-64;C:\Program Files\;C:\Program Files\Apache Maven\maven -3.9.0\apache-maven-3.9.9\bin;C:\Program Files\nodejs;C:\Users\User\AppData\Local\JetBrains\IntelliJ IDEA Community Edition 2025.1\bin;;C:\Program Files\Mongosh\mongosh-2.5.8-win32-x64\bin;C:\Users\User\AppData\Local\Python\bin
USERNAME=User
OS=Windows_NT
PROCESSOR_IDENTIFIER=Intel64 Family 6 Model 142 Stepping 10, GenuineIntel
TMP=C:\Users\User\AppData\Local\Temp
TEMP=C:\Users\User\AppData\Local\Temp




---------------  S Y S T E M  ---------------

OS:
 Windows 11 , 64 bit Build 26100 (10.0.26100.7309)
OS uptime: 0 days 1:11 hours
Hyper-V role detected

CPU: total 8 (initial active 8) (4 cores per cpu, 2 threads per core) family 6 model 142 stepping 10 microcode 0xf6, cx8, cmov, fxsr, ht, mmx, 3dnowpref, sse, sse2, sse3, ssse3, sse4.1, sse4.2, popcnt, lzcnt, tsc, tscinvbit, avx, avx2, aes, erms, clmul, bmi1, bmi2, adx, fma, vzeroupper, clflush, clflushopt, hv, rdtscp, f16c
Processor Information for all 8 processors :
  Max Mhz: 1992, Current Mhz: 1792, Mhz Limit: 1792

Memory: 4k page, system-wide physical 16227M (1925M free)
TotalPageFile size 19831M (AvailPageFile size 5M)
current process WorkingSet (physical memory assigned to process): 281M, peak: 281M
current process commit charge ("private bytes"): 407M, peak: 407M

vm_info: Java HotSpot(TM) 64-Bit Server VM (21+35-LTS-2513) for windows-amd64 JRE (21+35-LTS-2513), built on 2023-08-09T20:25:10Z by "mach5one" with MS VC++ 17.1 (VS2022)

END.
