#
# There is insufficient memory for the Java Runtime Environment to continue.
# Native memory allocation (malloc) failed to allocate 32784 bytes for Chunk::new
# Possible reasons:
#   The system is out of physical RAM or swap space
#   The process is running with CompressedOops enabled, and the Java Heap may be blocking the growth of the native heap
# Possible solutions:
#   Reduce memory load on the system
#   Increase physical memory or swap space
#   Check if swap backing store is full
#   Decrease Java heap size (-Xmx/-Xms)
#   Decrease number of Java threads
#   Decrease Java thread stack sizes (-Xss)
#   Set larger code cache with -XX:ReservedCodeCacheSize=
#   JVM is running with Zero Based Compressed Oops mode in which the Java heap is
#     placed in the first 32GB address space. The Java Heap base address is the
#     maximum limit for the native heap growth. Please use -XX:HeapBaseMinAddress
#     to set the Java Heap base and to place the Java Heap above 32GB virtual address.
# This output file may be truncated or incomplete.
#
#  Out of Memory Error (arena.cpp:166), pid=10024, tid=8940
#
# JRE version: Java(TM) SE Runtime Environment (21.0+35) (build 21+35-LTS-2513)
# Java VM: Java HotSpot(TM) 64-Bit Server VM (21+35-LTS-2513, mixed mode, sharing, tiered, compressed oops, compressed class ptrs, g1 gc, windows-amd64)
# No core dump will be written. Minidumps are not enabled by default on client versions of Windows
#

---------------  S U M M A R Y ------------

Command Line: -javaagent:C:\Users\User\AppData\Local\JetBrains\IntelliJ IDEA Community Edition 2025.1\lib\idea_rt.jar=60453 -Dfile.encoding=UTF-8 -Dsun.stdout.encoding=UTF-8 -Dsun.stderr.encoding=UTF-8 com.order.OrderServiceApplication

Host: Intel(R) Core(TM) i7-8550U CPU @ 1.80GHz, 8 cores, 15G,  Windows 11 , 64 bit Build 26100 (10.0.26100.7309)
Time: Tue Jan 13 13:15:18 2026 India Standard Time elapsed time: 17.825394 seconds (0d 0h 0m 17s)

---------------  T H R E A D  ---------------

Current thread (0x000001a0494192f0):  JavaThread "C2 CompilerThread0" daemon [_thread_in_native, id=8940, stack(0x00000082d8900000,0x00000082d8a00000) (1024K)]


Current CompileTask:
C2:  17825 4761   !   4       java.lang.Class::getEnumConstantsShared (71 bytes)

Stack: [0x00000082d8900000,0x00000082d8a00000]
Native frames: (J=compiled Java code, j=interpreted, Vv=VM code, C=native code)
V  [jvm.dll+0x6c8d39]
V  [jvm.dll+0x854091]
V  [jvm.dll+0x85630e]
V  [jvm.dll+0x8569e3]
V  [jvm.dll+0x2809a6]
V  [jvm.dll+0xc3e6d]
V  [jvm.dll+0xc4383]
V  [jvm.dll+0xc3f95]
V  [jvm.dll+0x6eff2f]
V  [jvm.dll+0x1ce1c3]
V  [jvm.dll+0x6f2101]
V  [jvm.dll+0x395ea6]
V  [jvm.dll+0x39579b]
V  [jvm.dll+0x611528]
V  [jvm.dll+0x610eee]
V  [jvm.dll+0x24b594]
V  [jvm.dll+0x248cd3]
V  [jvm.dll+0x1c9b91]
V  [jvm.dll+0x2583e9]
V  [jvm.dll+0x2569ca]
V  [jvm.dll+0x3eef66]
V  [jvm.dll+0x7fd2c8]
V  [jvm.dll+0x6c748d]
C  [ucrtbase.dll+0x37b0]
C  [KERNEL32.DLL+0x2e8d7]
C  [ntdll.dll+0x8c53c]


---------------  P R O C E S S  ---------------

Threads class SMR info:
_java_thread_list=0x000001a091fec4c0, length=16, elements={
0x000001a027fe05f0, 0x000001a0493fc3f0, 0x000001a0493fdd70, 0x000001a049404d10,
0x000001a049405d00, 0x000001a049407480, 0x000001a049412c30, 0x000001a0494192f0,
0x000001a04941e0a0, 0x000001a0493c8a60, 0x000001a0497f4620, 0x000001a0497f4c90,
0x000001a08f3d4080, 0x000001a0912361d0, 0x000001a091013c70, 0x000001a091815a00
}

Java Threads: ( => current thread )
  0x000001a027fe05f0 JavaThread "main"                              [_thread_in_vm, id=5348, stack(0x00000082d7b00000,0x00000082d7c00000) (1024K)]
  0x000001a0493fc3f0 JavaThread "Reference Handler"          daemon [_thread_blocked, id=4524, stack(0x00000082d8300000,0x00000082d8400000) (1024K)]
  0x000001a0493fdd70 JavaThread "Finalizer"                  daemon [_thread_blocked, id=14032, stack(0x00000082d8400000,0x00000082d8500000) (1024K)]
  0x000001a049404d10 JavaThread "Signal Dispatcher"          daemon [_thread_blocked, id=2164, stack(0x00000082d8500000,0x00000082d8600000) (1024K)]
  0x000001a049405d00 JavaThread "Attach Listener"            daemon [_thread_blocked, id=20080, stack(0x00000082d8600000,0x00000082d8700000) (1024K)]
  0x000001a049407480 JavaThread "Service Thread"             daemon [_thread_blocked, id=17356, stack(0x00000082d8700000,0x00000082d8800000) (1024K)]
  0x000001a049412c30 JavaThread "Monitor Deflation Thread"   daemon [_thread_blocked, id=4316, stack(0x00000082d8800000,0x00000082d8900000) (1024K)]
=>0x000001a0494192f0 JavaThread "C2 CompilerThread0"         daemon [_thread_in_native, id=8940, stack(0x00000082d8900000,0x00000082d8a00000) (1024K)]
  0x000001a04941e0a0 JavaThread "C1 CompilerThread0"         daemon [_thread_blocked, id=13180, stack(0x00000082d8a00000,0x00000082d8b00000) (1024K)]
  0x000001a0493c8a60 JavaThread "Common-Cleaner"             daemon [_thread_blocked, id=868, stack(0x00000082d8b00000,0x00000082d8c00000) (1024K)]
  0x000001a0497f4620 JavaThread "Monitor Ctrl-Break"         daemon [_thread_in_native, id=12008, stack(0x00000082d8d00000,0x00000082d8e00000) (1024K)]
  0x000001a0497f4c90 JavaThread "Notification Thread"        daemon [_thread_blocked, id=14016, stack(0x00000082d8e00000,0x00000082d8f00000) (1024K)]
  0x000001a08f3d4080 JavaThread "HikariPool-1 housekeeper"   daemon [_thread_blocked, id=15404, stack(0x00000082d9700000,0x00000082d9800000) (1024K)]
  0x000001a0912361d0 JavaThread "Catalina-utility-1"                [_thread_blocked, id=15020, stack(0x00000082d9a00000,0x00000082d9b00000) (1024K)]
  0x000001a091013c70 JavaThread "Catalina-utility-2"                [_thread_blocked, id=9460, stack(0x00000082d9b00000,0x00000082d9c00000) (1024K)]
  0x000001a091815a00 JavaThread "container-0"                       [_thread_blocked, id=17416, stack(0x00000082d9c00000,0x00000082d9d00000) (1024K)]
Total: 16

Other Threads:
  0x000001a0493dfec0 VMThread "VM Thread"                           [id=20600, stack(0x00000082d8200000,0x00000082d8300000) (1024K)]
  0x000001a0493c80d0 WatcherThread "VM Periodic Task Thread"        [id=17200, stack(0x00000082d8100000,0x00000082d8200000) (1024K)]
  0x000001a02a35b960 WorkerThread "GC Thread#0"                     [id=16876, stack(0x00000082d7c00000,0x00000082d7d00000) (1024K)]
  0x000001a08f86e2d0 WorkerThread "GC Thread#1"                     [id=7788, stack(0x00000082d8f00000,0x00000082d9000000) (1024K)]
  0x000001a08f509040 WorkerThread "GC Thread#2"                     [id=9388, stack(0x00000082d9000000,0x00000082d9100000) (1024K)]
  0x000001a08f5093e0 WorkerThread "GC Thread#3"                     [id=18160, stack(0x00000082d9100000,0x00000082d9200000) (1024K)]
  0x000001a08f509780 WorkerThread "GC Thread#4"                     [id=1088, stack(0x00000082d9200000,0x00000082d9300000) (1024K)]
  0x000001a08f509f20 WorkerThread "GC Thread#5"                     [id=13588, stack(0x00000082d9300000,0x00000082d9400000) (1024K)]
  0x000001a09001b080 WorkerThread "GC Thread#6"                     [id=15964, stack(0x00000082d9500000,0x00000082d9600000) (1024K)]
  0x000001a09001c640 WorkerThread "GC Thread#7"                     [id=15968, stack(0x00000082d9600000,0x00000082d9700000) (1024K)]
  0x000001a02a36dd60 ConcurrentGCThread "G1 Main Marker"            [id=7772, stack(0x00000082d7d00000,0x00000082d7e00000) (1024K)]
  0x000001a02a36f000 WorkerThread "G1 Conc#0"                       [id=3608, stack(0x00000082d7e00000,0x00000082d7f00000) (1024K)]
  0x000001a09001bf00 WorkerThread "G1 Conc#1"                       [id=8368, stack(0x00000082d9800000,0x00000082d9900000) (1024K)]
  0x000001a02a3ae390 ConcurrentGCThread "G1 Refine#0"               [id=12576, stack(0x00000082d7f00000,0x00000082d8000000) (1024K)]
  0x000001a049299d90 ConcurrentGCThread "G1 Service"                [id=21232, stack(0x00000082d8000000,0x00000082d8100000) (1024K)]
Total: 15

Threads with active compile tasks:
C2 CompilerThread0    17890 4761   !   4       java.lang.Class::getEnumConstantsShared (71 bytes)
Total: 1

VM state: not at safepoint (normal execution)

VM Mutex/Monitor currently owned by a thread:  ([mutex/lock_event])
[0x00007ff8d48164c8] Metaspace_lock - owner thread: 0x000001a027fe05f0

Heap address: 0x0000000702600000, size: 4058 MB, Compressed Oops mode: Zero based, Oop shift amount: 3

CDS archive(s) mapped at: [0x000001a04a000000-0x000001a04ac90000-0x000001a04ac90000), size 13172736, SharedBaseAddress: 0x000001a04a000000, ArchiveRelocationMode: 1.
Compressed class space mapped at: 0x000001a04b000000-0x000001a08b000000, reserved size: 1073741824
Narrow klass base: 0x000001a04a000000, Narrow klass shift: 0, Narrow klass range: 0x100000000

GC Precious Log:
 CardTable entry size: 512
 Card Set container configuration: InlinePtr #cards 4 size 8 Array Of Cards #cards 16 size 48 Howl #buckets 8 coarsen threshold 3686 Howl Bitmap #cards 512 size 80 coarsen threshold 460 Card regions per heap region 1 cards per card region 4096
 CPUs: 8 total, 8 available
 Memory: 16227M
 Large Page Support: Disabled
 NUMA Support: Disabled
 Compressed Oops: Enabled (Zero based)
 Heap Region Size: 2M
 Heap Min Capacity: 8M
 Heap Initial Capacity: 254M
 Heap Max Capacity: 4058M
 Pre-touch: Disabled
 Parallel Workers: 8
 Concurrent Workers: 2
 Concurrent Refinement Workers: 8
 Periodic GC: Disabled

Heap:
 garbage-first heap   total 55296K, used 25219K [0x0000000702600000, 0x0000000800000000)
  region size 2048K, 2 young (4096K), 1 survivors (2048K)
 Metaspace       used 59167K, committed 59776K, reserved 1114112K
  class space    used 8026K, committed 8320K, reserved 1048576K

Heap Regions: E=young(eden), S=young(survivor), O=old, HS=humongous(starts), HC=humongous(continues), CS=collection set, F=free, TAMS=top-at-mark-start, PB=parsable bottom
|   0|0x0000000702600000, 0x0000000702800000, 0x0000000702800000|100%| O|  |TAMS 0x0000000702600000| PB 0x0000000702600000| Untracked 
|   1|0x0000000702800000, 0x0000000702a00000, 0x0000000702a00000|100%| O|  |TAMS 0x0000000702800000| PB 0x0000000702800000| Untracked 
|   2|0x0000000702a00000, 0x0000000702c00000, 0x0000000702c00000|100%| O|  |TAMS 0x0000000702a00000| PB 0x0000000702a00000| Untracked 
|   3|0x0000000702c00000, 0x0000000702e00000, 0x0000000702e00000|100%| O|  |TAMS 0x0000000702c00000| PB 0x0000000702c00000| Untracked 
|   4|0x0000000702e00000, 0x0000000703000000, 0x0000000703000000|100%| O|  |TAMS 0x0000000702e00000| PB 0x0000000702e00000| Untracked 
|   5|0x0000000703000000, 0x0000000703200000, 0x0000000703200000|100%| O|  |TAMS 0x0000000703000000| PB 0x0000000703000000| Untracked 
|   6|0x0000000703200000, 0x0000000703400000, 0x0000000703400000|100%| O|  |TAMS 0x0000000703200000| PB 0x0000000703200000| Untracked 
|   7|0x0000000703400000, 0x0000000703600000, 0x0000000703600000|100%| O|  |TAMS 0x0000000703400000| PB 0x0000000703400000| Untracked 
|   8|0x0000000703600000, 0x0000000703800000, 0x0000000703800000|100%| O|  |TAMS 0x0000000703600000| PB 0x0000000703600000| Untracked 
|   9|0x0000000703800000, 0x0000000703a00000, 0x0000000703a00000|100%| O|  |TAMS 0x0000000703800000| PB 0x0000000703800000| Untracked 
|  10|0x0000000703a00000, 0x0000000703c00000, 0x0000000703c00000|100%| O|  |TAMS 0x0000000703a00000| PB 0x0000000703a00000| Untracked 
|  11|0x0000000703c00000, 0x0000000703cb2cd0, 0x0000000703e00000| 34%| O|  |TAMS 0x0000000703c00000| PB 0x0000000703c00000| Untracked 
|  12|0x0000000703e00000, 0x0000000703e00000, 0x0000000704000000|  0%| F|  |TAMS 0x0000000703e00000| PB 0x0000000703e00000| Untracked 
|  13|0x0000000704000000, 0x0000000704000000, 0x0000000704200000|  0%| F|  |TAMS 0x0000000704000000| PB 0x0000000704000000| Untracked 
|  14|0x0000000704200000, 0x0000000704200000, 0x0000000704400000|  0%| F|  |TAMS 0x0000000704200000| PB 0x0000000704200000| Untracked 
|  15|0x0000000704400000, 0x0000000704400000, 0x0000000704600000|  0%| F|  |TAMS 0x0000000704400000| PB 0x0000000704400000| Untracked 
|  16|0x0000000704600000, 0x00000007047ee220, 0x0000000704800000| 96%| S|CS|TAMS 0x0000000704600000| PB 0x0000000704600000| Complete 
|  17|0x0000000704800000, 0x0000000704800000, 0x0000000704a00000|  0%| F|  |TAMS 0x0000000704800000| PB 0x0000000704800000| Untracked 
|  18|0x0000000704a00000, 0x0000000704a00000, 0x0000000704c00000|  0%| F|  |TAMS 0x0000000704a00000| PB 0x0000000704a00000| Untracked 
|  19|0x0000000704c00000, 0x0000000704c00000, 0x0000000704e00000|  0%| F|  |TAMS 0x0000000704c00000| PB 0x0000000704c00000| Untracked 
|  20|0x0000000704e00000, 0x0000000704e00000, 0x0000000705000000|  0%| F|  |TAMS 0x0000000704e00000| PB 0x0000000704e00000| Untracked 
|  21|0x0000000705000000, 0x0000000705000000, 0x0000000705200000|  0%| F|  |TAMS 0x0000000705000000| PB 0x0000000705000000| Untracked 
|  22|0x0000000705200000, 0x0000000705200000, 0x0000000705400000|  0%| F|  |TAMS 0x0000000705200000| PB 0x0000000705200000| Untracked 
|  99|0x000000070ec00000, 0x000000070ec00000, 0x000000070ee00000|  0%| F|  |TAMS 0x000000070ec00000| PB 0x000000070ec00000| Untracked 
| 100|0x000000070ee00000, 0x000000070ee00000, 0x000000070f000000|  0%| F|  |TAMS 0x000000070ee00000| PB 0x000000070ee00000| Untracked 
| 101|0x000000070f000000, 0x000000070f000000, 0x000000070f200000|  0%| F|  |TAMS 0x000000070f000000| PB 0x000000070f000000| Untracked 
| 126|0x0000000712200000, 0x00000007122723a8, 0x0000000712400000| 22%| E|  |TAMS 0x0000000712200000| PB 0x0000000712200000| Complete 

Card table byte_map: [0x000001a042260000,0x000001a042a50000] _byte_map_base: 0x000001a03ea4d000

Marking Bits: (CMBitMap*) 0x000001a02a35c870
 Bits: [0x000001a042a50000, 0x000001a0469b8000)

Polling page: 0x000001a0282a0000

Metaspace:

Usage:
  Non-class:     49.94 MB used.
      Class:      7.84 MB used.
       Both:     57.78 MB used.

Virtual space:
  Non-class space:       64.00 MB reserved,      50.25 MB ( 79%) committed,  1 nodes.
      Class space:        1.00 GB reserved,       8.12 MB ( <1%) committed,  1 nodes.
             Both:        1.06 GB reserved,      58.38 MB (  5%) committed. 

Chunk freelists:
   Non-Class:  13.11 MB
       Class:  7.76 MB
        Both:  20.87 MB

MaxMetaspaceSize: unlimited
CompressedClassSpaceSize: 1.00 GB
Initial GC threshold: 21.00 MB
Current GC threshold: 58.75 MB
CDS: on
 - commit_granule_bytes: 65536.
 - commit_granule_words: 8192.
 - virtual_space_node_default_size: 8388608.
 - enlarge_chunks_in_place: 1.
 - use_allocation_guard: 0.


Internal statistics:

num_allocs_failed_limit: 8.
num_arena_births: 820.
num_arena_deaths: 0.
num_vsnodes_births: 2.
num_vsnodes_deaths: 0.
num_space_committed: 934.
num_space_uncommitted: 0.
num_chunks_returned_to_freelist: 8.
num_chunks_taken_from_freelist: 2950.
num_chunk_merges: 8.
num_chunk_splits: 2152.
num_chunks_enlarged: 1690.
num_inconsistent_stats: 0.

CodeHeap 'non-profiled nmethods': size=120000Kb used=3057Kb max_used=3057Kb free=116942Kb
 bounds [0x000001a03a210000, 0x000001a03a510000, 0x000001a041740000]
CodeHeap 'profiled nmethods': size=120000Kb used=8834Kb max_used=8834Kb free=111165Kb
 bounds [0x000001a032740000, 0x000001a032ff0000, 0x000001a039c70000]
CodeHeap 'non-nmethods': size=5760Kb used=1626Kb max_used=1631Kb free=4133Kb
 bounds [0x000001a039c70000, 0x000001a039ee0000, 0x000001a03a210000]
 total_blobs=5050 nmethods=4376 adapters=578
 compilation: enabled
              stopped_count=0, restarted_count=0
 full_count=0

Compilation events (20 events):
Event: 17.580 Thread 0x000001a04941e0a0 nmethod 4739 0x000001a032fd3990 code [0x000001a032fd3b60, 0x000001a032fd3e28]
Event: 17.594 Thread 0x000001a04941e0a0 4742       3       java.lang.invoke.BoundMethodHandle$Species_L::copyWith (14 bytes)
Event: 17.595 Thread 0x000001a04941e0a0 nmethod 4742 0x000001a032fd3f10 code [0x000001a032fd40c0, 0x000001a032fd4348]
Event: 17.615 Thread 0x000001a04941e0a0 4743       3       java.util.regex.Pattern::atom (422 bytes)
Event: 17.619 Thread 0x000001a04941e0a0 nmethod 4743 0x000001a032fd4490 code [0x000001a032fd4820, 0x000001a032fd5f80]
Event: 17.630 Thread 0x000001a04941e0a0 4745       3       java.lang.invoke.LambdaForm$NamedFunction::<init> (15 bytes)
Event: 17.630 Thread 0x000001a04941e0a0 nmethod 4745 0x000001a032fd6690 code [0x000001a032fd6840, 0x000001a032fd6a78]
Event: 17.729 Thread 0x000001a04941e0a0 4750       3       java.lang.invoke.LambdaForm::arguments (47 bytes)
Event: 17.730 Thread 0x000001a04941e0a0 nmethod 4750 0x000001a032fd6b10 code [0x000001a032fd6d40, 0x000001a032fd75f8]
Event: 17.765 Thread 0x000001a04941e0a0 4756       3       java.lang.invoke.DelegatingMethodHandle$Holder::delegate (25 bytes)
Event: 17.766 Thread 0x000001a04941e0a0 nmethod 4756 0x000001a032fd7a10 code [0x000001a032fd7be0, 0x000001a032fd8148]
Event: 17.766 Thread 0x000001a04941e0a0 4758       3       java.lang.invoke.StringConcatFactory::generateMHInlineCopy (497 bytes)
Event: 17.773 Thread 0x000001a04941e0a0 nmethod 4758 0x000001a032fd8290 code [0x000001a032fd8800, 0x000001a032fdbbc8]
Event: 17.774 Thread 0x000001a04941e0a0 4757   !   3       java.lang.invoke.StringConcatFactory::makeConcatWithConstants (258 bytes)
Event: 17.776 Thread 0x000001a0494192f0 4760       4       java.lang.StringConcatHelper::simpleConcat (94 bytes)
Event: 17.778 Thread 0x000001a04941e0a0 nmethod 4757 0x000001a032fdcc90 code [0x000001a032fdd200, 0x000001a032fdf7a0]
Event: 17.778 Thread 0x000001a04941e0a0 4759       3       java.lang.StringBuilder::setLength (6 bytes)
Event: 17.778 Thread 0x000001a04941e0a0 nmethod 4759 0x000001a032fe0810 code [0x000001a032fe09c0, 0x000001a032fe0b08]
Event: 17.795 Thread 0x000001a0494192f0 nmethod 4760 0x000001a03a50aa10 code [0x000001a03a50ac00, 0x000001a03a50b348]
Event: 17.795 Thread 0x000001a0494192f0 4761   !   4       java.lang.Class::getEnumConstantsShared (71 bytes)

GC Heap History (20 events):
Event: 1.255 GC heap before
{Heap before GC invocations=0 (full 0):
 garbage-first heap   total 260096K, used 22528K [0x0000000702600000, 0x0000000800000000)
  region size 2048K, 11 young (22528K), 0 survivors (0K)
 Metaspace       used 5373K, committed 5696K, reserved 1114112K
  class space    used 609K, committed 768K, reserved 1048576K
}
Event: 1.263 GC heap after
{Heap after GC invocations=1 (full 0):
 garbage-first heap   total 260096K, used 7547K [0x0000000702600000, 0x0000000800000000)
  region size 2048K, 2 young (4096K), 2 survivors (4096K)
 Metaspace       used 5373K, committed 5696K, reserved 1114112K
  class space    used 609K, committed 768K, reserved 1048576K
}
Event: 2.450 GC heap before
{Heap before GC invocations=1 (full 0):
 garbage-first heap   total 260096K, used 30075K [0x0000000702600000, 0x0000000800000000)
  region size 2048K, 14 young (28672K), 2 survivors (4096K)
 Metaspace       used 11974K, committed 12288K, reserved 1114112K
  class space    used 1517K, committed 1664K, reserved 1048576K
}
Event: 2.459 GC heap after
{Heap after GC invocations=2 (full 0):
 garbage-first heap   total 260096K, used 9814K [0x0000000702600000, 0x0000000800000000)
  region size 2048K, 2 young (4096K), 2 survivors (4096K)
 Metaspace       used 11974K, committed 12288K, reserved 1114112K
  class space    used 1517K, committed 1664K, reserved 1048576K
}
Event: 4.568 GC heap before
{Heap before GC invocations=2 (full 0):
 garbage-first heap   total 260096K, used 52822K [0x0000000702600000, 0x0000000800000000)
  region size 2048K, 25 young (51200K), 2 survivors (4096K)
 Metaspace       used 21176K, committed 21504K, reserved 1114112K
  class space    used 2690K, committed 2880K, reserved 1048576K
}
Event: 4.577 GC heap after
{Heap after GC invocations=3 (full 0):
 garbage-first heap   total 260096K, used 13866K [0x0000000702600000, 0x0000000800000000)
  region size 2048K, 3 young (6144K), 3 survivors (6144K)
 Metaspace       used 21176K, committed 21504K, reserved 1114112K
  class space    used 2690K, committed 2880K, reserved 1048576K
}
Event: 6.344 GC heap before
{Heap before GC invocations=4 (full 0):
 garbage-first heap   total 55296K, used 40490K [0x0000000702600000, 0x0000000800000000)
  region size 2048K, 16 young (32768K), 3 survivors (6144K)
 Metaspace       used 25501K, committed 25856K, reserved 1114112K
  class space    used 3211K, committed 3392K, reserved 1048576K
}
Event: 6.359 GC heap after
{Heap after GC invocations=5 (full 0):
 garbage-first heap   total 55296K, used 16459K [0x0000000702600000, 0x0000000800000000)
  region size 2048K, 2 young (4096K), 2 survivors (4096K)
 Metaspace       used 25501K, committed 25856K, reserved 1114112K
  class space    used 3211K, committed 3392K, reserved 1048576K
}
Event: 8.648 GC heap before
{Heap before GC invocations=5 (full 0):
 garbage-first heap   total 55296K, used 38987K [0x0000000702600000, 0x0000000800000000)
  region size 2048K, 13 young (26624K), 2 survivors (4096K)
 Metaspace       used 29665K, committed 30080K, reserved 1114112K
  class space    used 3787K, committed 3968K, reserved 1048576K
}
Event: 8.660 GC heap after
{Heap after GC invocations=6 (full 0):
 garbage-first heap   total 55296K, used 18650K [0x0000000702600000, 0x0000000800000000)
  region size 2048K, 2 young (4096K), 2 survivors (4096K)
 Metaspace       used 29665K, committed 30080K, reserved 1114112K
  class space    used 3787K, committed 3968K, reserved 1048576K
}
Event: 10.625 GC heap before
{Heap before GC invocations=6 (full 0):
 garbage-first heap   total 55296K, used 41178K [0x0000000702600000, 0x0000000800000000)
  region size 2048K, 13 young (26624K), 2 survivors (4096K)
 Metaspace       used 34664K, committed 35136K, reserved 1114112K
  class space    used 4386K, committed 4608K, reserved 1048576K
}
Event: 10.639 GC heap after
{Heap after GC invocations=7 (full 0):
 garbage-first heap   total 55296K, used 20341K [0x0000000702600000, 0x0000000800000000)
  region size 2048K, 1 young (2048K), 1 survivors (2048K)
 Metaspace       used 34664K, committed 35136K, reserved 1114112K
  class space    used 4386K, committed 4608K, reserved 1048576K
}
Event: 10.808 GC heap before
{Heap before GC invocations=7 (full 0):
 garbage-first heap   total 55296K, used 22389K [0x0000000702600000, 0x0000000800000000)
  region size 2048K, 3 young (6144K), 1 survivors (2048K)
 Metaspace       used 35499K, committed 35968K, reserved 1114112K
  class space    used 4477K, committed 4672K, reserved 1048576K
}
Event: 10.815 GC heap after
{Heap after GC invocations=8 (full 0):
 garbage-first heap   total 55296K, used 20853K [0x0000000702600000, 0x0000000800000000)
  region size 2048K, 2 young (4096K), 2 survivors (4096K)
 Metaspace       used 35499K, committed 35968K, reserved 1114112K
  class space    used 4477K, committed 4672K, reserved 1048576K
}
Event: 12.708 GC heap before
{Heap before GC invocations=9 (full 0):
 garbage-first heap   total 55296K, used 43381K [0x0000000702600000, 0x0000000800000000)
  region size 2048K, 13 young (26624K), 2 survivors (4096K)
 Metaspace       used 41537K, committed 42048K, reserved 1114112K
  class space    used 5271K, committed 5504K, reserved 1048576K
}
Event: 12.714 GC heap after
{Heap after GC invocations=10 (full 0):
 garbage-first heap   total 55296K, used 22334K [0x0000000702600000, 0x0000000800000000)
  region size 2048K, 2 young (4096K), 2 survivors (4096K)
 Metaspace       used 41537K, committed 42048K, reserved 1114112K
  class space    used 5271K, committed 5504K, reserved 1048576K
}
Event: 14.072 GC heap before
{Heap before GC invocations=10 (full 0):
 garbage-first heap   total 55296K, used 42814K [0x0000000702600000, 0x0000000800000000)
  region size 2048K, 12 young (24576K), 2 survivors (4096K)
 Metaspace       used 46650K, committed 47232K, reserved 1114112K
  class space    used 6151K, committed 6400K, reserved 1048576K
}
Event: 14.077 GC heap after
{Heap after GC invocations=11 (full 0):
 garbage-first heap   total 55296K, used 23341K [0x0000000702600000, 0x0000000800000000)
  region size 2048K, 2 young (4096K), 2 survivors (4096K)
 Metaspace       used 46650K, committed 47232K, reserved 1114112K
  class space    used 6151K, committed 6400K, reserved 1048576K
}
Event: 16.465 GC heap before
{Heap before GC invocations=11 (full 0):
 garbage-first heap   total 55296K, used 43821K [0x0000000702600000, 0x0000000800000000)
  region size 2048K, 13 young (26624K), 2 survivors (4096K)
 Metaspace       used 52827K, committed 53440K, reserved 1114112K
  class space    used 6886K, committed 7168K, reserved 1048576K
}
Event: 16.472 GC heap after
{Heap after GC invocations=12 (full 0):
 garbage-first heap   total 55296K, used 24446K [0x0000000702600000, 0x0000000800000000)
  region size 2048K, 2 young (4096K), 2 survivors (4096K)
 Metaspace       used 52827K, committed 53440K, reserved 1114112K
  class space    used 6886K, committed 7168K, reserved 1048576K
}

Dll operation events (13 events):
Event: 0.019 Loaded shared library C:\Program Files\Java\jdk-21\bin\java.dll
Event: 0.076 Loaded shared library C:\Program Files\Java\jdk-21\bin\jsvml.dll
Event: 0.284 Loaded shared library C:\Program Files\Java\jdk-21\bin\zip.dll
Event: 0.290 Loaded shared library C:\Program Files\Java\jdk-21\bin\instrument.dll
Event: 0.297 Loaded shared library C:\Program Files\Java\jdk-21\bin\net.dll
Event: 0.300 Loaded shared library C:\Program Files\Java\jdk-21\bin\nio.dll
Event: 0.305 Loaded shared library C:\Program Files\Java\jdk-21\bin\zip.dll
Event: 0.515 Loaded shared library C:\Program Files\Java\jdk-21\bin\extnet.dll
Event: 0.569 Loaded shared library C:\Program Files\Java\jdk-21\bin\jimage.dll
Event: 5.073 Loaded shared library C:\Program Files\Java\jdk-21\bin\sunmscapi.dll
Event: 10.151 Loaded shared library C:\Program Files\Java\jdk-21\bin\management.dll
Event: 10.157 Loaded shared library C:\Program Files\Java\jdk-21\bin\management_ext.dll
Event: 13.073 Loaded shared library C:\Program Files\Java\jdk-21\bin\verify.dll

Deoptimization events (20 events):
Event: 13.949 Thread 0x000001a027fe05f0 Uncommon trap: trap_request=0xffffffde fr.pc=0x000001a03a2fe534 relative=0x0000000000000f34
Event: 13.949 Thread 0x000001a027fe05f0 Uncommon trap: reason=class_check action=maybe_recompile pc=0x000001a03a2fe534 method=java.util.concurrent.ConcurrentHashMap.putVal(Ljava/lang/Object;Ljava/lang/Object;Z)Ljava/lang/Object; @ 242 c2
Event: 13.949 Thread 0x000001a027fe05f0 DEOPT PACKING pc=0x000001a03a2fe534 sp=0x00000082d7bfe4b0
Event: 13.949 Thread 0x000001a027fe05f0 DEOPT UNPACKING pc=0x000001a039cc46a2 sp=0x00000082d7bfe420 mode 2
Event: 13.987 Thread 0x000001a027fe05f0 Uncommon trap: trap_request=0xffffffde fr.pc=0x000001a03a2fe504 relative=0x0000000000000f04
Event: 13.987 Thread 0x000001a027fe05f0 Uncommon trap: reason=class_check action=maybe_recompile pc=0x000001a03a2fe504 method=java.util.concurrent.ConcurrentHashMap.putVal(Ljava/lang/Object;Ljava/lang/Object;Z)Ljava/lang/Object; @ 159 c2
Event: 13.987 Thread 0x000001a027fe05f0 DEOPT PACKING pc=0x000001a03a2fe504 sp=0x00000082d7bfe5a0
Event: 13.987 Thread 0x000001a027fe05f0 DEOPT UNPACKING pc=0x000001a039cc46a2 sp=0x00000082d7bfe520 mode 2
Event: 14.339 Thread 0x000001a027fe05f0 Uncommon trap: trap_request=0xffffff45 fr.pc=0x000001a03a2d6778 relative=0x00000000000000d8
Event: 14.339 Thread 0x000001a027fe05f0 Uncommon trap: reason=unstable_if action=reinterpret pc=0x000001a03a2d6778 method=java.lang.Integer.stringSize(I)I @ 3 c2
Event: 14.340 Thread 0x000001a027fe05f0 DEOPT PACKING pc=0x000001a03a2d6778 sp=0x00000082d7bfdae0
Event: 14.340 Thread 0x000001a027fe05f0 DEOPT UNPACKING pc=0x000001a039cc46a2 sp=0x00000082d7bfda68 mode 2
Event: 17.286 Thread 0x000001a027fe05f0 Uncommon trap: trap_request=0xffffff45 fr.pc=0x000001a03a3e7fb4 relative=0x00000000000007b4
Event: 17.286 Thread 0x000001a027fe05f0 Uncommon trap: reason=unstable_if action=reinterpret pc=0x000001a03a3e7fb4 method=java.util.HashMap$HashIterator.<init>(Ljava/util/HashMap;)V @ 45 c2
Event: 17.286 Thread 0x000001a027fe05f0 DEOPT PACKING pc=0x000001a03a3e7fb4 sp=0x00000082d7bfd1b0
Event: 17.286 Thread 0x000001a027fe05f0 DEOPT UNPACKING pc=0x000001a039cc46a2 sp=0x00000082d7bfd040 mode 2
Event: 17.391 Thread 0x000001a027fe05f0 Uncommon trap: trap_request=0xffffff45 fr.pc=0x000001a03a407924 relative=0x0000000000000f84
Event: 17.391 Thread 0x000001a027fe05f0 Uncommon trap: reason=unstable_if action=reinterpret pc=0x000001a03a407924 method=jdk.internal.org.objectweb.asm.Frame.getAbstractTypeFromDescriptor(Ljdk/internal/org/objectweb/asm/SymbolTable;Ljava/lang/String;I)I @ 189 c2
Event: 17.391 Thread 0x000001a027fe05f0 DEOPT PACKING pc=0x000001a03a407924 sp=0x00000082d7bfbe00
Event: 17.391 Thread 0x000001a027fe05f0 DEOPT UNPACKING pc=0x000001a039cc46a2 sp=0x00000082d7bfbdc0 mode 2

Classes loaded (20 events):
Event: 15.043 Loading class java/util/concurrent/CompletableFuture$AltResult
Event: 15.043 Loading class java/util/concurrent/CompletableFuture$AltResult done
Event: 15.043 Loading class java/util/concurrent/CompletableFuture$Completion
Event: 15.043 Loading class java/util/concurrent/CompletableFuture$AsynchronousCompletionTask
Event: 15.043 Loading class java/util/concurrent/CompletableFuture$AsynchronousCompletionTask done
Event: 15.043 Loading class java/util/concurrent/CompletableFuture$Completion done
Event: 15.232 Loading class sun/reflect/annotation/TypeAnnotation$TypeAnnotationTargetInfo
Event: 15.232 Loading class sun/reflect/annotation/TypeAnnotation$TypeAnnotationTargetInfo done
Event: 15.556 Loading class java/util/concurrent/CancellationException
Event: 15.557 Loading class java/util/concurrent/CancellationException done
Event: 17.008 Loading class java/time/Clock$TickClock
Event: 17.008 Loading class java/time/Clock$TickClock done
Event: 17.087 Loading class java/util/ArrayList$ListItr
Event: 17.087 Loading class java/util/ArrayList$ListItr done
Event: 17.168 Loading class java/util/AbstractList$SubList
Event: 17.168 Loading class java/util/AbstractList$SubList done
Event: 17.386 Loading class java/lang/foreign/ValueLayout
Event: 17.387 Loading class java/lang/foreign/MemoryLayout
Event: 17.387 Loading class java/lang/foreign/MemoryLayout done
Event: 17.387 Loading class java/lang/foreign/ValueLayout done

Classes unloaded (0 events):
No events

Classes redefined (0 events):
No events

Internal exceptions (20 events):
Event: 11.353 Thread 0x000001a027fe05f0 Exception <a 'java/lang/NoSuchMethodError'{0x0000000704e68e40}: 'long java.lang.invoke.DirectMethodHandle$Holder.invokeVirtual(java.lang.Object, java.lang.Object)'> (0x0000000704e68e40) 
thrown [s\open\src\hotspot\share\interpreter\linkResolver.cpp, line 773]
Event: 11.459 Thread 0x000001a027fe05f0 Exception <a 'java/lang/NoSuchMethodError'{0x0000000704c436b8}: 'java.lang.Object java.lang.invoke.DirectMethodHandle$Holder.newInvokeSpecial(java.lang.Object, java.lang.Object, java.lang.Object, java.lang.Object, java.lang.Object, java.lang.Object, java.lang.Object, java.lang.Object, java.lang.Object, java.lang.Object, java.lang.Object)'> (0x0000000704c436b8) 
thrown [s\open\src\hotspot\share\interpreter\linkResolver.cpp, line 773]
Event: 11.646 Thread 0x000001a027fe05f0 Exception <a 'java/lang/NoSuchMethodError'{0x0000000704b4e758}: 'void java.lang.invoke.DelegatingMethodHandle$Holder.reinvoke_L(java.lang.Object, java.lang.Object, java.lang.Object, java.lang.Object, int, java.lang.Object, java.lang.Object, java.lang.Object)'> (0x0000000704b4e758) 
thrown [s\open\src\hotspot\share\interpreter\linkResolver.cpp, line 773]
Event: 13.658 Thread 0x000001a027fe05f0 Exception <a 'java/lang/NoSuchMethodError'{0x0000000704d2dea8}: 'int java.lang.invoke.DirectMethodHandle$Holder.invokeStatic(java.lang.Object)'> (0x0000000704d2dea8) 
thrown [s\open\src\hotspot\share\interpreter\linkResolver.cpp, line 773]
Event: 13.877 Thread 0x000001a027fe05f0 Exception <a 'java/lang/NoSuchMethodError'{0x0000000704b45eb8}: 'int java.lang.invoke.Invokers$Holder.invokeExact_MT(java.lang.Object, java.lang.Object)'> (0x0000000704b45eb8) 
thrown [s\open\src\hotspot\share\interpreter\linkResolver.cpp, line 773]
Event: 15.594 Thread 0x000001a027fe05f0 Exception <a 'java/lang/IncompatibleClassChangeError'{0x0000000704a72af8}: Found class java.lang.Object, but interface was expected> (0x0000000704a72af8) 
thrown [s\open\src\hotspot\share\interpreter\linkResolver.cpp, line 840]
Event: 15.676 Thread 0x000001a027fe05f0 Exception <a 'java/lang/NoSuchMethodError'{0x0000000704b41e68}: 'java.lang.Object java.lang.invoke.DirectMethodHandle$Holder.invokeStatic(java.lang.Object, java.lang.Object, int, java.lang.Object)'> (0x0000000704b41e68) 
thrown [s\open\src\hotspot\share\interpreter\linkResolver.cpp, line 773]
Event: 15.677 Thread 0x000001a027fe05f0 Exception <a 'java/lang/NoSuchMethodError'{0x0000000704b45910}: 'java.lang.Object java.lang.invoke.DirectMethodHandle$Holder.invokeStaticInit(java.lang.Object, java.lang.Object, int, java.lang.Object)'> (0x0000000704b45910) 
thrown [s\open\src\hotspot\share\interpreter\linkResolver.cpp, line 773]
Event: 17.564 Thread 0x000001a027fe05f0 Exception <a 'java/lang/NoSuchMethodError'{0x0000000704d54538}: 'void java.lang.invoke.DirectMethodHandle$Holder.invokeInterface(java.lang.Object, java.lang.Object, int, java.lang.Object)'> (0x0000000704d54538) 
thrown [s\open\src\hotspot\share\interpreter\linkResolver.cpp, line 773]
Event: 17.571 Thread 0x000001a027fe05f0 Exception <a 'java/lang/NoSuchMethodError'{0x0000000704d84ca0}: 'java.lang.Object java.lang.invoke.DirectMethodHandle$Holder.newInvokeSpecial(java.lang.Object, java.lang.Object, int, java.lang.Object)'> (0x0000000704d84ca0) 
thrown [s\open\src\hotspot\share\interpreter\linkResolver.cpp, line 773]
Event: 17.572 Thread 0x000001a027fe05f0 Exception <a 'java/lang/NoSuchMethodError'{0x0000000704d88600}: 'java.lang.Object java.lang.invoke.Invokers$Holder.linkToTargetMethod(java.lang.Object, int, java.lang.Object, java.lang.Object)'> (0x0000000704d88600) 
thrown [s\open\src\hotspot\share\interpreter\linkResolver.cpp, line 773]
Event: 17.609 Thread 0x000001a027fe05f0 Exception <a 'java/lang/NoSuchMethodError'{0x0000000704a5a308}: 'void java.lang.invoke.DirectMethodHandle$Holder.invokeSpecial(java.lang.Object, java.lang.Object, java.lang.Object, java.lang.Object, java.lang.Object, java.lang.Object, java.lang.Object, java.lang.Object)'> (0x0000000704a5a308) 
thrown [s\open\src\hotspot\share\interpreter\linkResolver.cpp, line 773]
Event: 17.625 Thread 0x000001a027fe05f0 Exception <a 'java/lang/NoSuchMethodError'{0x0000000704a949d0}: 'void java.lang.invoke.DirectMethodHandle$Holder.invokeSpecial(java.lang.Object, java.lang.Object, int, java.lang.Object)'> (0x0000000704a949d0) 
thrown [s\open\src\hotspot\share\interpreter\linkResolver.cpp, line 773]
Event: 17.627 Thread 0x000001a027fe05f0 Exception <a 'java/lang/NoSuchMethodError'{0x0000000704a9acf8}: 'java.lang.Object java.lang.invoke.DirectMethodHandle$Holder.newInvokeSpecial(java.lang.Object, java.lang.Object, int)'> (0x0000000704a9acf8) 
thrown [s\open\src\hotspot\share\interpreter\linkResolver.cpp, line 773]
Event: 17.632 Thread 0x000001a027fe05f0 Exception <a 'java/lang/NoSuchMethodError'{0x0000000704aa0010}: 'void java.lang.invoke.DirectMethodHandle$Holder.invokeStatic(java.lang.Object, java.lang.Object, java.lang.Object, java.lang.Object, int, java.lang.Object)'> (0x0000000704aa0010) 
thrown [s\open\src\hotspot\share\interpreter\linkResolver.cpp, line 773]
Event: 17.723 Thread 0x000001a027fe05f0 Exception <a 'java/lang/NoSuchMethodError'{0x0000000704bfc100}: 'int java.lang.invoke.DirectMethodHandle$Holder.invokeStatic(java.lang.Object, int, java.lang.Object)'> (0x0000000704bfc100) 
thrown [s\open\src\hotspot\share\interpreter\linkResolver.cpp, line 773]
Event: 17.728 Thread 0x000001a027fe05f0 Exception <a 'java/lang/NoSuchMethodError'{0x000000070481a370}: 'java.lang.Object java.lang.invoke.DirectMethodHandle$Holder.newInvokeSpecial(java.lang.Object, java.lang.Object, java.lang.Object, java.lang.Object, java.lang.Object, int, java.lang.Object)'> (0x000000070481a370) 
thrown [s\open\src\hotspot\share\interpreter\linkResolver.cpp, line 773]
Event: 17.741 Thread 0x000001a027fe05f0 Exception <a 'java/lang/NoSuchMethodError'{0x000000070484c770}: 'java.lang.Object java.lang.invoke.DirectMethodHandle$Holder.newInvokeSpecial(java.lang.Object, java.lang.Object, java.lang.Object, java.lang.Object, java.lang.Object, java.lang.Object, java.lang.Object, java.lang.Object, java.lang.Object, java.lang.Object, java.lang.Object, java.lang.Object)'> (0x000000070484c770) 
thrown [s\open\src\hotspot\share\interpreter\linkResolver.cpp, line 773]
Event: 17.741 Thread 0x000001a027fe05f0 Exception <a 'java/lang/NoSuchMethodError'{0x0000000704851008}: 'java.lang.Object java.lang.invoke.DirectMethodHandle$Holder.invokeSpecial(java.lang.Object, java.lang.Object, java.lang.Object, java.lang.Object, java.lang.Object, java.lang.Object, java.lang.Object, java.lang.Object, java.lang.Object, java.lang.Object, java.lang.Object, java.lang.Object, java.lang.Object)'> (0x0000000704851008) 
thrown [s\open\src\hotspot\share\interpreter\linkResolver.cpp, line 773]
Event: 17.742 Thread 0x000001a027fe05f0 Exception <a 'java/lang/NoSuchMethodError'{0x00000007048554e0}: 'java.lang.Object java.lang.invoke.Invokers$Holder.linkToTargetMethod(java.lang.Object, java.lang.Object, java.lang.Object, java.lang.Object, java.lang.Object, java.lang.Object, java.lang.Object, java.lang.Object, java.lang.Object, java.lang.Object, java.lang.Object, java.lang.Object)'> (0x00000007048554e0) 
thrown [s\open\src\hotspot\share\interpreter\linkResolver.cpp, line 773]

ZGC Phase Switch (0 events):
No events

VM Operations (20 events):
Event: 11.976 Executing VM operation: Cleanup
Event: 11.976 Executing VM operation: Cleanup done
Event: 12.708 Executing VM operation: G1CollectForAllocation (G1 Evacuation Pause)
Event: 12.714 Executing VM operation: G1CollectForAllocation (G1 Evacuation Pause) done
Event: 13.715 Executing VM operation: Cleanup
Event: 13.716 Executing VM operation: Cleanup done
Event: 14.072 Executing VM operation: G1CollectForAllocation (G1 Evacuation Pause)
Event: 14.077 Executing VM operation: G1CollectForAllocation (G1 Evacuation Pause) done
Event: 15.077 Executing VM operation: Cleanup
Event: 15.093 Executing VM operation: Cleanup done
Event: 16.095 Executing VM operation: Cleanup
Event: 16.123 Executing VM operation: Cleanup done
Event: 16.465 Executing VM operation: G1CollectForAllocation (G1 Evacuation Pause)
Event: 16.472 Executing VM operation: G1CollectForAllocation (G1 Evacuation Pause) done
Event: 17.081 Executing VM operation: HandshakeAllThreads (Deoptimize)
Event: 17.081 Executing VM operation: HandshakeAllThreads (Deoptimize) done
Event: 17.088 Executing VM operation: HandshakeAllThreads (Deoptimize)
Event: 17.088 Executing VM operation: HandshakeAllThreads (Deoptimize) done
Event: 17.369 Executing VM operation: HandshakeAllThreads (Deoptimize)
Event: 17.369 Executing VM operation: HandshakeAllThreads (Deoptimize) done

Events (20 events):
Event: 10.864 Thread 0x000001a0493dfec0 flushing nmethod 0x000001a03a23bd10
Event: 10.864 Thread 0x000001a0493dfec0 flushing nmethod 0x000001a03a23a210
Event: 10.864 Thread 0x000001a0493dfec0 flushing nmethod 0x000001a03a22ce10
Event: 10.864 Thread 0x000001a0493dfec0 flushing nmethod 0x000001a03a21f290
Event: 10.864 Thread 0x000001a0493dfec0 flushing nmethod 0x000001a03a22b310
Event: 10.864 Thread 0x000001a0493dfec0 flushing nmethod 0x000001a03a22a790
Event: 10.864 Thread 0x000001a0493dfec0 flushing nmethod 0x000001a03a229690
Event: 10.864 Thread 0x000001a0493dfec0 flushing nmethod 0x000001a03a229390
Event: 10.864 Thread 0x000001a0493dfec0 flushing nmethod 0x000001a03a227110
Event: 10.864 Thread 0x000001a0493dfec0 flushing nmethod 0x000001a03a224510
Event: 10.864 Thread 0x000001a0493dfec0 flushing nmethod 0x000001a03a224210
Event: 10.864 Thread 0x000001a0493dfec0 flushing nmethod 0x000001a03a211490
Event: 11.224 Thread 0x000001a08f3d4080 Thread added: 0x000001a08f3d4080
Event: 11.334 Thread 0x000001a0913c6d80 Thread added: 0x000001a0913c6d80
Event: 11.391 Thread 0x000001a0912361d0 Thread added: 0x000001a0912361d0
Event: 11.392 Thread 0x000001a091013c70 Thread added: 0x000001a091013c70
Event: 11.400 Thread 0x000001a091815a00 Thread added: 0x000001a091815a00
Event: 14.632 Thread 0x000001a08ffd31a0 Thread exited: 0x000001a08ffd31a0
Event: 14.645 Thread 0x000001a04969df90 Thread exited: 0x000001a04969df90
Event: 16.690 Thread 0x000001a0913c6d80 Thread exited: 0x000001a0913c6d80


Dynamic libraries:
0x00007ff7d3af0000 - 0x00007ff7d3b00000 	C:\Program Files\Java\jdk-21\bin\java.exe
0x00007ff914220000 - 0x00007ff914487000 	C:\WINDOWS\SYSTEM32\ntdll.dll
0x00007ff913a20000 - 0x00007ff913ae9000 	C:\WINDOWS\System32\KERNEL32.DLL
0x00007ff911a60000 - 0x00007ff911e4f000 	C:\WINDOWS\System32\KERNELBASE.dll
0x00007ff911370000 - 0x00007ff9114bb000 	C:\WINDOWS\System32\ucrtbase.dll
0x00007ff908880000 - 0x00007ff908899000 	C:\Program Files\Java\jdk-21\bin\jli.dll
0x00007ff907f00000 - 0x00007ff907f1b000 	C:\Program Files\Java\jdk-21\bin\VCRUNTIME140.dll
0x00007ff913510000 - 0x00007ff9135c4000 	C:\WINDOWS\System32\ADVAPI32.dll
0x00007ff912940000 - 0x00007ff9129e9000 	C:\WINDOWS\System32\msvcrt.dll
0x00007ff913ee0000 - 0x00007ff913f86000 	C:\WINDOWS\System32\sechost.dll
0x00007ff913140000 - 0x00007ff913258000 	C:\WINDOWS\System32\RPCRT4.dll
0x00007ff913fb0000 - 0x00007ff914175000 	C:\WINDOWS\System32\USER32.dll
0x00007ff8f44f0000 - 0x00007ff8f4783000 	C:\WINDOWS\WinSxS\amd64_microsoft.windows.common-controls_6595b64144ccf1df_6.0.26100.7309_none_3e05feeae336a044\COMCTL32.dll
0x00007ff911e60000 - 0x00007ff911e87000 	C:\WINDOWS\System32\win32u.dll
0x00007ff9132f0000 - 0x00007ff91331b000 	C:\WINDOWS\System32\GDI32.dll
0x00007ff911e90000 - 0x00007ff911fbc000 	C:\WINDOWS\System32\gdi32full.dll
0x00007ff9114c0000 - 0x00007ff911563000 	C:\WINDOWS\System32\msvcp_win.dll
0x00007ff906a90000 - 0x00007ff906a9b000 	C:\WINDOWS\SYSTEM32\VERSION.dll
0x00007ff9129f0000 - 0x00007ff912a21000 	C:\WINDOWS\System32\IMM32.DLL
0x00007ff908870000 - 0x00007ff90887c000 	C:\Program Files\Java\jdk-21\bin\vcruntime140_1.dll
0x00007ff8e1ec0000 - 0x00007ff8e1f4e000 	C:\Program Files\Java\jdk-21\bin\msvcp140.dll
0x00007ff8d3be0000 - 0x00007ff8d48f3000 	C:\Program Files\Java\jdk-21\bin\server\jvm.dll
0x00007ff912a30000 - 0x00007ff912aa4000 	C:\WINDOWS\System32\WS2_32.dll
0x00007ff9111f0000 - 0x00007ff91124e000 	C:\WINDOWS\SYSTEM32\POWRPROF.dll
0x00007ff8fa2b0000 - 0x00007ff8fa2e5000 	C:\WINDOWS\SYSTEM32\WINMM.dll
0x00007ff9111d0000 - 0x00007ff9111e4000 	C:\WINDOWS\SYSTEM32\UMPDC.dll
0x00007ff9100e0000 - 0x00007ff9100fb000 	C:\WINDOWS\SYSTEM32\kernel.appcore.dll
0x00007ff907ef0000 - 0x00007ff907efa000 	C:\Program Files\Java\jdk-21\bin\jimage.dll
0x00007ff90ec20000 - 0x00007ff90ee62000 	C:\WINDOWS\SYSTEM32\DBGHELP.DLL
0x00007ff913690000 - 0x00007ff913a15000 	C:\WINDOWS\System32\combase.dll
0x00007ff913af0000 - 0x00007ff913bc6000 	C:\WINDOWS\System32\OLEAUT32.dll
0x00007ff8f2e60000 - 0x00007ff8f2e9c000 	C:\WINDOWS\SYSTEM32\dbgcore.DLL
0x00007ff911570000 - 0x00007ff911615000 	C:\WINDOWS\System32\bcryptPrimitives.dll
0x00007ff9089b0000 - 0x00007ff9089bf000 	C:\Program Files\Java\jdk-21\bin\instrument.dll
0x00007ff8fad40000 - 0x00007ff8fad5f000 	C:\Program Files\Java\jdk-21\bin\java.dll
0x00007ff911fc0000 - 0x00007ff912713000 	C:\WINDOWS\System32\SHELL32.dll
0x00007ff9118f0000 - 0x00007ff911a5a000 	C:\WINDOWS\System32\wintypes.dll
0x00007ff90ef50000 - 0x00007ff90f7ae000 	C:\WINDOWS\SYSTEM32\windows.storage.dll
0x00007ff913040000 - 0x00007ff913135000 	C:\WINDOWS\System32\SHCORE.dll
0x00007ff912f40000 - 0x00007ff912fa6000 	C:\WINDOWS\System32\shlwapi.dll
0x00007ff911290000 - 0x00007ff9112b9000 	C:\WINDOWS\SYSTEM32\profapi.dll
0x00007ff8d3b00000 - 0x00007ff8d3bd7000 	C:\Program Files\Java\jdk-21\bin\jsvml.dll
0x00007ff8fa320000 - 0x00007ff8fa338000 	C:\Program Files\Java\jdk-21\bin\zip.dll
0x00007ff8fa3a0000 - 0x00007ff8fa3b0000 	C:\Program Files\Java\jdk-21\bin\net.dll
0x00007ff905a20000 - 0x00007ff905b48000 	C:\WINDOWS\SYSTEM32\WINHTTP.dll
0x00007ff910630000 - 0x00007ff91069b000 	C:\WINDOWS\system32\mswsock.dll
0x00007ff8fa340000 - 0x00007ff8fa356000 	C:\Program Files\Java\jdk-21\bin\nio.dll
0x00007ff8fa310000 - 0x00007ff8fa317000 	C:\Program Files\Java\jdk-21\bin\extnet.dll
0x00007ff8fa300000 - 0x00007ff8fa30e000 	C:\Program Files\Java\jdk-21\bin\sunmscapi.dll
0x00007ff911770000 - 0x00007ff9118e7000 	C:\WINDOWS\System32\CRYPT32.dll
0x00007ff910b70000 - 0x00007ff910ba0000 	C:\WINDOWS\SYSTEM32\ncrypt.dll
0x00007ff910b20000 - 0x00007ff910b5f000 	C:\WINDOWS\SYSTEM32\NTASN1.dll
0x00007ff910a20000 - 0x00007ff910a3b000 	C:\WINDOWS\SYSTEM32\CRYPTSP.dll
0x00007ff910040000 - 0x00007ff91007a000 	C:\WINDOWS\system32\rsaenh.dll
0x00007ff9106e0000 - 0x00007ff91070b000 	C:\WINDOWS\SYSTEM32\USERENV.dll
0x00007ff911260000 - 0x00007ff91128a000 	C:\WINDOWS\SYSTEM32\bcrypt.dll
0x00007ff910880000 - 0x00007ff91088c000 	C:\WINDOWS\SYSTEM32\CRYPTBASE.dll
0x00007ff90fad0000 - 0x00007ff90fb04000 	C:\WINDOWS\SYSTEM32\IPHLPAPI.DLL
0x00007ff912fb0000 - 0x00007ff912fba000 	C:\WINDOWS\System32\NSI.dll
0x00007ff8fa2f0000 - 0x00007ff8fa2fa000 	C:\Program Files\Java\jdk-21\bin\management.dll
0x00007ff8f9d40000 - 0x00007ff8f9d4b000 	C:\Program Files\Java\jdk-21\bin\management_ext.dll
0x00007ff913fa0000 - 0x00007ff913fa8000 	C:\WINDOWS\System32\PSAPI.DLL
0x00007ff9088a0000 - 0x00007ff9088b0000 	C:\Program Files\Java\jdk-21\bin\verify.dll

dbghelp: loaded successfully - version: 4.0.5 - missing functions: none
symbol engine: initialized successfully - sym options: 0x614 - pdb path: .;C:\Program Files\Java\jdk-21\bin;C:\WINDOWS\SYSTEM32;C:\WINDOWS\WinSxS\amd64_microsoft.windows.common-controls_6595b64144ccf1df_6.0.26100.7309_none_3e05feeae336a044;C:\Program Files\Java\jdk-21\bin\server

VM Arguments:
jvm_args: -javaagent:C:\Users\User\AppData\Local\JetBrains\IntelliJ IDEA Community Edition 2025.1\lib\idea_rt.jar=60453 -Dfile.encoding=UTF-8 -Dsun.stdout.encoding=UTF-8 -Dsun.stderr.encoding=UTF-8 
java_command: com.order.OrderServiceApplication
java_class_path (initial): C:\Users\User\Desktop\ChallengeC\kafka-docker\order-service\target\classes;C:\Users\User\.m2\repository\org\springframework\boot\spring-boot-starter-web\3.4.0\spring-boot-starter-web-3.4.0.jar;C:\Users\User\.m2\repository\org\springframework\boot\spring-boot-starter\3.4.0\spring-boot-starter-3.4.0.jar;C:\Users\User\.m2\repository\org\springframework\boot\spring-boot\3.4.0\spring-boot-3.4.0.jar;C:\Users\User\.m2\repository\org\springframework\boot\spring-boot-autoconfigure\3.4.0\spring-boot-autoconfigure-3.4.0.jar;C:\Users\User\.m2\repository\org\springframework\boot\spring-boot-starter-logging\3.4.0\spring-boot-starter-logging-3.4.0.jar;C:\Users\User\.m2\repository\org\apache\logging\log4j\log4j-to-slf4j\2.24.1\log4j-to-slf4j-2.24.1.jar;C:\Users\User\.m2\repository\org\apache\logging\log4j\log4j-api\2.24.1\log4j-api-2.24.1.jar;C:\Users\User\.m2\repository\org\slf4j\jul-to-slf4j\2.0.16\jul-to-slf4j-2.0.16.jar;C:\Users\User\.m2\repository\jakarta\annotation\jakarta.annotation-api\2.1.1\jakarta.annotation-api-2.1.1.jar;C:\Users\User\.m2\repository\org\yaml\snakeyaml\2.3\snakeyaml-2.3.jar;C:\Users\User\.m2\repository\org\springframework\boot\spring-boot-starter-json\3.4.0\spring-boot-starter-json-3.4.0.jar;C:\Users\User\.m2\repository\com\fasterxml\jackson\core\jackson-databind\2.18.1\jackson-databind-2.18.1.jar;C:\Users\User\.m2\repository\com\fasterxml\jackson\core\jackson-annotations\2.18.1\jackson-annotations-2.18.1.jar;C:\Users\User\.m2\repository\com\fasterxml\jackson\core\jackson-core\2.18.1\jackson-core-2.18.1.jar;C:\Users\User\.m2\repository\com\fasterxml\jackson\datatype\jackson-datatype-jdk8\2.18.1\jackson-datatype-jdk8-2.18.1.jar;C:\Users\User\.m2\repository\com\fasterxml\jackson\datatype\jackson-datatype-jsr310\2.18.1\jackson-datatype-jsr310-2.18.1.jar;C:\Users\User\.m2\repository\com\fasterxml\jackson\module\jackson-module-parameter-names\2.18.1\jackson-module-parameter-names-2.18.1.jar;C:\Users\User\.m2\repository\org\springframework\boot\spring-boot-starter-tomcat\3.4.0\spring-boot-starter-tomcat-3.4.0.jar;C:\Users\User\.m2\repository\org\apache\tomcat\embed\tomcat-embed-core\10.1.33\tomcat-embed-core-10.1.33.jar;C:\Users\User\.m2\repository\org\apache\tomcat\embed\tomcat-embed-websocket\10.1.33\tomcat-embed-websocket-10.1.33.jar;C:\Users\User\.m2\repository\org\springframework\spring-web\6.2.0\spring-web-6.2.0.jar;C:\Users\User\.m2\repository\org\springframework\spring-beans\6.2.0\spring-beans-6.2.0.jar;C:\Users\User\.m2\repository\org\springframework\spring-webmvc\6.2.0\spring-webmvc-6.2.0.jar;C:\Users\User\.m2\repository\org\springframework\spring-aop\6.2.0\spring-aop-6.2.0.jar;C:\Users\User\.m2\repository\org\springframework\spring-expression\6.2.0\spring-expression-6.2.0.jar;C:\Users\User\.m2\repository\org\springframework\boot\spring-boot-starter-data-jpa\3.4.0\spring-boot-starter-data-jpa-3.4.0.jar;C:\Users\User\.m2\repository\org\springframework\boot\spring-boot-starter-jdbc\3.4.0\spring-boot-starter-jdbc-3.4.0.jar;C:\Users\User\.m2\repository\com\zaxxer\HikariCP\5.1.0\HikariCP-5.1.0.jar;C:\Users\User\.m2\repository\org\springframework\spring-jdbc\6.2.0\spring-jdbc-6.2.0.jar;C:\Users\User\.m2\repository\org\hibernate\orm\hibernate-core\6.6.2.Final\hibernate-core-6.6.2.Final.jar;C:\Users\User\.m2\repository\jakarta\persistence\jakarta.persistence-api\3.1.0\jakarta.persistence-api-3.1.0.jar;C:\Users\User\.m2\repository\jakarta\transaction\jakarta.transaction-api\2.0.1\jakarta.transaction-api-2.0.1.jar;C:\Users\User\.m2\repository\org\jboss\logging\jboss-logging\3.6.1.Final\jboss-logging-3.6.1.Final.jar;C:\Users\User\.m2\repository\org\hibernate\common\hibernate-commons-annotations\7.0.3.Final\hibernate-commons-annotations-7.0.3.Final.jar;C:\Users\User\.m2\repository\io\smallrye\jandex\3.2.0\jandex-3.2.0.jar;C:\Users\User\.m2\repository\com\fasterxml\classmate\1.7.0\classmate-1.7.0.jar;C:\Users\User\.m2\repository\net\bytebuddy\byte-buddy\1.15.10\byte-buddy-1.15.10.jar;C:\Users\User\.m2\repository\org\glassfish\jaxb\jaxb-runtime\4.0.5\jaxb-runtime-4.0.5.jar;C:\Users\User\.m2\repository\org\glassfish\jaxb\jaxb-core\4.0.5\jaxb-core-4.0.5.jar;C:\Users\User\.m2\repository\org\eclipse\angus\angus-activation\2.0.2\angus-activation-2.0.2.jar;C:\Users\User\.m2\repository\org\glassfish\jaxb\txw2\4.0.5\txw2-4.0.5.jar;C:\Users\User\.m2\repository\com\sun\istack\istack-commons-runtime\4.1.2\istack-commons-runtime-4.1.2.jar;C:\Users\User\.m2\repository\jakarta\inject\jakarta.inject-api\2.0.1\jakarta.inject-api-2.0.1.jar;C:\Users\User\.m2\repository\org\antlr\antlr4-runtime\4.13.0\antlr4-runtime-4.13.0.jar;C:\Users\User\.m2\repository\org\springframework\data\spring-data-jpa\3.4.0\spring-data-jpa-3.4.0.jar;C:\Users\User\.m2\repository\org\springframework\data\spring-data-commons\3.4.0\spring-data-commons-3.4.0.jar;C:\Users\User\.m2\repository\org\springframework\spring-orm\6.2.0\spring-orm-6.2.0.jar;C:\Users\User\.m2\repository\org\slf4j\slf4j-api\2.0.16\slf4j-api-2.0.16.jar;C:\Users\User\.m2\repository\org\springframework\spring-aspects\6.2.0\spring-aspects-6.2.0.jar;C:\Users\User\.m2\repository\org\aspectj\aspectjweaver\1.9.22.1\aspectjweaver-1.9.22.1.jar;C:\Users\User\.m2\repository\org\springframework\kafka\spring-kafka\3.3.0\spring-kafka-3.3.0.jar;C:\Users\User\.m2\repository\org\springframework\spring-context\6.2.0\spring-context-6.2.0.jar;C:\Users\User\.m2\repository\org\springframework\spring-messaging\6.2.0\spring-messaging-6.2.0.jar;C:\Users\User\.m2\repository\org\springframework\spring-tx\6.2.0\spring-tx-6.2.0.jar;C:\Users\User\.m2\repository\org\springframework\retry\spring-retry\2.0.10\spring-retry-2.0.10.jar;C:\Users\User\.m2\repository\org\apache\kafka\kafka-clients\3.8.1\kafka-clients-3.8.1.jar;C:\Users\User\.m2\repository\com\github\luben\zstd-jni\1.5.6-4\zstd-jni-1.5.6-4.jar;C:\Users\User\.m2\repository\org\lz4\lz4-java\1.8.0\lz4-java-1.8.0.jar;C:\Users\User\.m2\repository\org\xerial\snappy\snappy-java\1.1.10.5\snappy-java-1.1.10.5.jar;C:\Users\User\.m2\repository\io\micrometer\micrometer-observation\1.14.1\micrometer-observation-1.14.1.jar;C:\Users\User\.m2\repository\io\micrometer\micrometer-commons\1.14.1\micrometer-commons-1.14.1.jar;C:\Users\User\.m2\repository\org\springframework\boot\spring-boot-starter-validation\3.4.0\spring-boot-starter-validation-3.4.0.jar;C:\Users\User\.m2\repository\org\apache\tomcat\embed\tomcat-embed-el\10.1.33\tomcat-embed-el-10.1.33.jar;C:\Users\User\.m2\repository\org\hibernate\validator\hibernate-validator\8.0.1.Final\hibernate-validator-8.0.1.Final.jar;C:\Users\User\.m2\repository\jakarta\validation\jakarta.validation-api\3.0.2\jakarta.validation-api-3.0.2.jar;C:\Users\User\.m2\repository\com\h2database\h2\2.3.232\h2-2.3.232.jar;C:\Users\User\.m2\repository\org\springdoc\springdoc-openapi-starter-webmvc-ui\2.4.0\springdoc-openapi-starter-webmvc-ui-2.4.0.jar;C:\Users\User\.m2\repository\org\springdoc\springdoc-openapi-starter-webmvc-api\2.4.0\springdoc-openapi-starter-webmvc-api-2.4.0.jar;C:\Users\User\.m2\repository\org\springdoc\springdoc-openapi-starter-common\2.4.0\springdoc-openapi-starter-common-2.4.0.jar;C:\Users\User\.m2\repository\io\swagger\core\v3\swagger-core-jakarta\2.2.20\swagger-core-jakarta-2.2.20.jar;C:\Users\User\.m2\repository\org\apache\commons\commons-lang3\3.17.0\commons-lang3-3.17.0.jar;C:\Users\User\.m2\repository\io\swagger\core\v3\swagger-annotations-jakarta\2.2.20\swagger-annotations-jakarta-2.2.20.jar;C:\Users\User\.m2\repository\io\swagger\core\v3\swagger-models-jakarta\2.2.20\swagger-models-jakarta-2.2.20.jar;C:\Users\User\.m2\repository\com\fasterxml\jackson\dataformat\jackson-dataformat-yaml\2.18.1\jackson-dataformat-yaml-2.18.1.jar;C:\Users\User\.m2\repository\org\webjars\swagger-ui\5.11.8\swagger-ui-5.11.8.jar;C:\Users\User\.m2\repository\org\projectlombok\lombok\1.18.36\lombok-1.18.36.jar;C:\Users\User\.m2\repository\ch\qos\logback\logback-core\1.5.12\logback-core-1.5.12.jar;C:\Users\User\.m2\repository\ch\qos\logback\logback-classic\1.5.12\logback-classic-1.5.12.jar;C:\Users\User\.m2\repository\jakarta\xml\bind\jakarta.xml.bind-api\4.0.2\jakarta.xml.bind-api-4.0.2.jar;C:\Users\User\.m2\repository\jakarta\activation\jakarta.activation-api\2.1.3\jakarta.activation-api-2.1.3.jar;C:\Users\User\.m2\repository\org\springframework\spring-core\6.2.0\spring-core-6.2.0.jar;C:\Users\User\.m2\repository\org\springframework\spring-jcl\6.2.0\spring-jcl-6.2.0.jar
Launcher Type: SUN_STANDARD

[Global flags]
     intx CICompilerCount                          = 4                                         {product} {ergonomic}
     uint ConcGCThreads                            = 2                                         {product} {ergonomic}
     uint G1ConcRefinementThreads                  = 8                                         {product} {ergonomic}
   size_t G1HeapRegionSize                         = 2097152                                   {product} {ergonomic}
    uintx GCDrainStackTargetSize                   = 64                                        {product} {ergonomic}
   size_t InitialHeapSize                          = 266338304                                 {product} {ergonomic}
   size_t MarkStackSize                            = 4194304                                   {product} {ergonomic}
   size_t MaxHeapSize                              = 4255121408                                {product} {ergonomic}
   size_t MaxNewSize                               = 2552233984                                {product} {ergonomic}
   size_t MinHeapDeltaBytes                        = 2097152                                   {product} {ergonomic}
   size_t MinHeapSize                              = 8388608                                   {product} {ergonomic}
    uintx NonNMethodCodeHeapSize                   = 5839372                                {pd product} {ergonomic}
    uintx NonProfiledCodeHeapSize                  = 122909434                              {pd product} {ergonomic}
    uintx ProfiledCodeHeapSize                     = 122909434                              {pd product} {ergonomic}
    uintx ReservedCodeCacheSize                    = 251658240                              {pd product} {ergonomic}
     bool SegmentedCodeCache                       = true                                      {product} {ergonomic}
   size_t SoftMaxHeapSize                          = 4255121408                             {manageable} {ergonomic}
     bool UseCompressedOops                        = true                           {product lp64_product} {ergonomic}
     bool UseG1GC                                  = true                                      {product} {ergonomic}
     bool UseLargePagesIndividualAllocation        = false                                  {pd product} {ergonomic}

Logging:
Log output configuration:
 #0: stdout all=warning uptime,level,tags foldmultilines=false
 #1: stderr all=off uptime,level,tags foldmultilines=false

Environment Variables:
JAVA_HOME=C:\Program Files\Java\jdk-17.0.12
CLASSPATH=.;
PATH=C:\Program Files\Java\jdk-17.0.12\bin;C:\Program Files\Apache Maven\maven -3.9.0\apache-maven-3.9.9\bin;C:\Program Files\Git\bin;C:\Program Files\Common Files\Oracle\Java\javapath;C:\Program Files (x86)\Common Files\Oracle\Java\java8path;C:\Program Files (x86)\Common Files\Oracle\Java\javapath;C:\WINDOWS\system32;C:\WINDOWS;C:\WINDOWS\System32\Wbem;C:\WINDOWS\System32\WindowsPowerShell\v1.0\;C:\WINDOWS\System32\OpenSSH\;C:\Program Files\PostgreSQL\16\bin;C:\Program Files\MySQL\MySQL Server 8.0\bin;C:\path\to\jdk\lib; C:\Program Files\nodejs; C:\Program Files\Mongosh\mongosh-2.5.8-win32-x64\bin;C:\Program Files\Docker\Docker\resources\bin;C:\Program Files\Java\jdk-17.0.12\bin;C:\oraclexe\app\oracle\product\10.2.0\server\bin;C:\Program Files\Common Files\Oracle\Java\javapath;C:\Program Files (x86)\Common Files\Oracle\Java\java8path;C:\Program Files (x86)\Common Files\Oracle\Java\javapath;C:\WINDOWS\system32;C:\WINDOWS;C:\WINDOWS\System32\Wbem;C:\WINDOWS\System32\WindowsPowerShell\v1.0\;C:\WINDOWS\System32\OpenSSH\;C:\Program Files (x86)\MySQL\MySQL Server 5.1\bin;C:\Program Files\MySql9\mysql-9.0.1-winx64\bin;C:\Program Files\Java\jdk1.8.0_131\bin;C:\Users\User\AppData\Local\Microsoft\WindowsApps;C:\Users\User\AppData\Local\Programs\Microsoft VS Code\bin;C:\path\to\jdk\bin;C:\Program Files\PostgreSQL\16\bin;C:\Program Files\JetBrains\IntelliJ IDEA 2024.2\bin;C:\Program Files\JetBrains\IntelliJ IDEA Community Edition 2024.2.1\bin;C:\Users\User\AppData\Local\Microsoft\WindowsApps;D:\PROGRAM_FILES\SonarQube\sonarqube-24.12.0.100206\bin\windows-x86-64;C:\Program Files\;C:\Program Files\Apache Maven\maven -3.9.0\apache-maven-3.9.9\bin;C:\Program Files\nodejs;C:\Users\User\AppData\Local\JetBrains\IntelliJ IDEA Community Edition 2025.1\bin;;C:\Program Files\Mongosh\mongosh-2.5.8-win32-x64\bin;C:\Users\User\AppData\Local\Python\bin
USERNAME=User
OS=Windows_NT
PROCESSOR_IDENTIFIER=Intel64 Family 6 Model 142 Stepping 10, GenuineIntel
TMP=C:\Users\User\AppData\Local\Temp
TEMP=C:\Users\User\AppData\Local\Temp




---------------  S Y S T E M  ---------------

OS:
 Windows 11 , 64 bit Build 26100 (10.0.26100.7309)
OS uptime: 0 days 0:25 hours
Hyper-V role detected

CPU: total 8 (initial active 8) (4 cores per cpu, 2 threads per core) family 6 model 142 stepping 10 microcode 0xf6, cx8, cmov, fxsr, ht, mmx, 3dnowpref, sse, sse2, sse3, ssse3, sse4.1, sse4.2, popcnt, lzcnt, tsc, tscinvbit, avx, avx2, aes, erms, clmul, bmi1, bmi2, adx, fma, vzeroupper, clflush, clflushopt, hv, rdtscp, f16c
Processor Information for processor 0
  Max Mhz: 1992, Current Mhz: 1494, Mhz Limit: 1792
Processor Information for processor 1
  Max Mhz: 1992, Current Mhz: 1494, Mhz Limit: 1792
Processor Information for processor 2
  Max Mhz: 1992, Current Mhz: 1792, Mhz Limit: 1792
Processor Information for processor 3
  Max Mhz: 1992, Current Mhz: 1792, Mhz Limit: 1792
Processor Information for processor 4
  Max Mhz: 1992, Current Mhz: 1792, Mhz Limit: 1792
Processor Information for processor 5
  Max Mhz: 1992, Current Mhz: 1792, Mhz Limit: 1792
Processor Information for processor 6
  Max Mhz: 1992, Current Mhz: 1494, Mhz Limit: 1792
Processor Information for processor 7
  Max Mhz: 1992, Current Mhz: 1792, Mhz Limit: 1792

Memory: 4k page, system-wide physical 16227M (2237M free)
TotalPageFile size 19023M (AvailPageFile size 2M)
current process WorkingSet (physical memory assigned to process): 213M, peak: 230M
current process commit charge ("private bytes"): 249M, peak: 391M

vm_info: Java HotSpot(TM) 64-Bit Server VM (21+35-LTS-2513) for windows-amd64 JRE (21+35-LTS-2513), built on 2023-08-09T20:25:10Z by "mach5one" with MS VC++ 17.1 (VS2022)

END.
